Log file open, 03/12/15 08:57:11
LogInit:Display: Running engine for game: OceanDemo
LogInit: Version: 4.7.2-2467323+++depot+UE4-Releases+4.7
LogInit: API Version: 2455222
LogInit: Compiled (64-bit): Mar  2 2015 23:16:34
LogInit: Compiled with Visual C++: 18.00.21005.01
LogInit: Build Configuration: Development
LogInit: Branch Name: ++depot+UE4-Releases+4.7
LogInit: Command line:  
LogInit: Base directory: C:/Program Files/Unreal Engine/4.7/Engine/Binaries/Win64/
LogInit: Rocket: 1
[2015.03.12-15.57.11:669][  0]LogTaskGraph: Started task graph with 3 named threads and 6 total threads.
[2015.03.12-15.57.11:723][  0]LogOnline:Warning: No default platform service specified for OnlineSubsystem
[2015.03.12-15.57.11:757][  0]LogInit: Presizing for 0 objects not considered by GC, pre-allocating 0 bytes.
[2015.03.12-15.57.11:768][  0]LogInit: Object subsystem initialized
[2015.03.12-15.57.11:775][  0]LogConsoleResponse:Warning: Skipping Unknown console variable: 'TranslucentSortAxis = (X=0.000000,Y=-1.000000,Z=0.000000)'
[2015.03.12-15.57.11:775][  0]LogConsoleResponse:Warning:   Found in ini file 'G:/UE4/000_NEW/OceanDemo/Saved/Config/Windows/Engine.ini', in section '[/Script/Engine.RendererSettings]'
[2015.03.12-15.57.11:775][  0]LogConsoleResponse:Warning: Skipping Unknown console variable: 'UIScaleRule = ShortestSide'
[2015.03.12-15.57.11:775][  0]LogConsoleResponse:Warning:   Found in ini file 'G:/UE4/000_NEW/OceanDemo/Saved/Config/Windows/Engine.ini', in section '[/Script/Engine.RendererSettings]'
[2015.03.12-15.57.11:775][  0]LogConsoleResponse:Warning: Skipping Unknown console variable: 'UIScaleCurve = (EditorCurveData=(Keys=),ExternalCurve=None)'
[2015.03.12-15.57.11:775][  0]LogConsoleResponse:Warning:   Found in ini file 'G:/UE4/000_NEW/OceanDemo/Saved/Config/Windows/Engine.ini', in section '[/Script/Engine.RendererSettings]'
[2015.03.12-15.57.11:778][  0]LogInit: Selected Device Profile: [Windows]
[2015.03.12-15.57.11:779][  0]LogInit: Applying CVar settings loaded from the selected device profile: [Windows]
[2015.03.12-15.57.11:790][  0]LogInit: Computer: DC001FS01
[2015.03.12-15.57.11:790][  0]LogInit: User: Cam
[2015.03.12-15.57.11:790][  0]LogInit: CPU Page size=4096, Cores=4
[2015.03.12-15.57.11:790][  0]LogInit: High frequency timer resolution =3.326082 MHz
[2015.03.12-15.57.11:790][  0]LogMemory: Memory total: Physical=7.9GB (8GB approx) Virtual=131072.0GB
[2015.03.12-15.57.11:790][  0]LogMemory: Platform Memory Stats for Windows
[2015.03.12-15.57.11:790][  0]LogMemory: Process Physical Memory: 45.65 MB used, 45.65 MB peak
[2015.03.12-15.57.11:790][  0]LogMemory: Process Virtual Memory: 22.50 MB used, 22.51 MB peak
[2015.03.12-15.57.11:790][  0]LogMemory: Physical Memory: 3795.01 MB used, 8129.73 MB total
[2015.03.12-15.57.11:790][  0]LogMemory: Virtual Memory: 281.83 MB used, 134217728.00 MB total
[2015.03.12-15.57.11:816][  0]LogD3D11RHI: Found D3D11 adapter 0: NVIDIA GeForce GTX 980 (Feature Level 11_0)
[2015.03.12-15.57.11:816][  0]LogD3D11RHI: Adapter has 3956MB of dedicated video memory, 0MB of dedicated system memory, and 4064MB of shared system memory, 2 output[s]
[2015.03.12-15.57.11:817][  0]LogD3D11RHI: Found D3D11 adapter 1: Microsoft Basic Render Driver (Feature Level 11_0)
[2015.03.12-15.57.11:817][  0]LogD3D11RHI: Adapter has 0MB of dedicated video memory, 0MB of dedicated system memory, and 256MB of shared system memory, 0 output[s]
[2015.03.12-15.57.11:817][  0]LogD3D11RHI: Chosen D3D11 Adapter Id = 0
[2015.03.12-15.57.11:821][  0]LogRHI: Texture pool is 1361 MB (70% of 1945 MB)
[2015.03.12-15.57.11:830][  0]LogD3D11RHI: Async texture creation enabled
[2015.03.12-15.57.12:166][  0]LogTextLocalizationManager: The requested culture ('en_US') has no localization data; parent culture's ('en') localization data will be used.
[2015.03.12-15.57.12:296][  0]LogContentStreaming: Texture pool size is 0.000000MB
[2015.03.12-15.57.14:720][  0]LogTargetPlatformManager:Display: Building Assets For Windows
[2015.03.12-15.57.15:273][  0]LogTargetPlatformManager:Display: Building Assets For Windows
[2015.03.12-15.57.15:331][  0]LogDerivedDataCache:Display: Max Cache Size: 512 MB
[2015.03.12-15.57.15:436][  0]LogDerivedDataCache: Loaded boot cache 0.10s 39MB C:/Users/Cam/AppData/Local/UnrealEngine/4.7/DerivedDataCache/Boot.ddc.
[2015.03.12-15.57.15:436][  0]LogDerivedDataCache:Display: Loaded Boot cache: C:/Users/Cam/AppData/Local/UnrealEngine/4.7/DerivedDataCache/Boot.ddc
[2015.03.12-15.57.15:436][  0]LogDerivedDataCache: FDerivedDataBackendGraph:  Pak pak cache file G:/UE4/000_NEW/OceanDemo/DerivedDataCache/DDC.ddp not found, will not use a pak cache.
[2015.03.12-15.57.15:436][  0]LogDerivedDataCache: Unable to find inner node Pak for hierarchical cache Hierarchy.
[2015.03.12-15.57.15:534][  0]LogDerivedDataCache:Display: Pak cache opened for reading ../../../Engine/DerivedDataCache/Compressed.ddp.
[2015.03.12-15.57.15:546][  0]LogDerivedDataCache: Using Local data cache path C:/Users/Cam/AppData/Local/UnrealEngine/Common/DerivedDataCache: Writable
[2015.03.12-15.57.17:386][  0]LogMeshUtilities: No automatic mesh reduction module available
[2015.03.12-15.57.17:386][  0]LogMeshUtilities: No automatic mesh merging module available
[2015.03.12-15.57.17:974][  0]LogInit: WinSock: version 1.1 (2.2), MaxSocks=32767, MaxUdp=65467
[2015.03.12-15.57.18:064][  0]LogSlate:Warning: Failed to load font data from '../../../Engine/Content/Slate/Fonts/Roboto-Italic.ttf'
[2015.03.12-15.57.19:720][  0]UdpMessaging: Initializing bridge on interface 0.0.0.0:0 to multicast group 230.0.0.1:6666.
[2015.03.12-15.57.19:916][  0]SourceControl: Info Source control is disabled
[2015.03.12-15.57.19:916][  0]SourceControl: Info Source control is disabled
[2015.03.12-15.57.19:916][  0]SourceControl: Info Source control is disabled
[2015.03.12-15.57.19:916][  0]LogSourceControl: RunCommandInternalRaw: 'git version'
[2015.03.12-15.57.19:916][  0]LogSourceControl: RunCommandInternalRaw: ExecProcess ReturnCode=2 OutResults=''
[2015.03.12-15.57.19:923][  0]SourceControl: Info Source control is disabled
[2015.03.12-15.57.20:115][  0]LogObj: 24265 objects as part of root set at end of initial load.
[2015.03.12-15.57.20:115][  0]LogUObjectAllocator: 5143328 out of 0 bytes used by permanent object pool.
[2015.03.12-15.57.20:213][  0]LogEngine: Initializing Engine...
[2015.03.12-15.57.23:406][  0]LogInit: XAudio2 using 'Headphones (2- High Definition Audio Device)' : 2 channels at 44.1 kHz using 16 bits per sample (channel mask 0x3)
[2015.03.12-15.57.23:439][  0]LogInit: FAudioDevice initialized.
[2015.03.12-15.57.23:500][  0]LogAIModule: Creating AISystem for world NewWorld
[2015.03.12-15.57.23:518][  0]LogDerivedDataCache: Saved boot cache 0.02s 39MB C:/Users/Cam/AppData/Local/UnrealEngine/4.7/DerivedDataCache/Boot.ddc.
[2015.03.12-15.57.23:521][  0]LogInit: Texture streaming: Enabled
[2015.03.12-15.57.23:650][  0]LogAnalytics: Creating configured Analytics provider AnalyticsET
[2015.03.12-15.57.23:650][  0]LogAnalytics: ET APIKey = Rocket.Release. APIServer = http://et2.epicgames.com/ET2/. AppVersion = 4.7.2-2467323+++depot+UE4-Releases+4.7
[2015.03.12-15.57.23:650][  0]LogAnalytics: ET APIKey = Rocket.Release. DataRouterUploadURL = https://datarouter-public-service-gamedev.ol.epicgames.net/datarouter/api/v1/public/data. AppVersion = 4.7.2-2467323+++depot+UE4-Releases+4.7
[2015.03.12-15.57.23:650][  0]LogAnalytics: SetUserId c5a057ad49f9ac4dc833ac94c9332095|352d37c0721b4600adaff228a81af087|0f244d3b-a1b2-4b29-a584-55cdca381944
[2015.03.12-15.57.23:650][  0]LogAnalytics: AnalyticsET::StartSession [Rocket.Release]
[2015.03.12-15.57.23:670][  0]LogInit: Transaction tracking system initialized
[2015.03.12-15.57.23:830][  0]BlueprintLog: New page: Editor Load
[2015.03.12-15.57.23:865][  0]LogAssetRegistry: FAssetRegistry took 0.0127 seconds to start up
[2015.03.12-15.57.23:865][  0]LogDirectoryWatcher:Warning: Failed to begin reading directory changes for ../../../Engine/Plugins/Experimental/CharacterAI/Content/. Error: 0
[2015.03.12-15.57.23:865][  0]LogDirectoryWatcher:Warning: Failed to begin reading directory changes for G:/UE4/000_NEW/OceanDemo/Plugins/OceanPlugin/Content/. Error: 0
[2015.03.12-15.57.24:315][  0]LogTargetPlatformManager:Display: Building Assets For Windows
[2015.03.12-15.57.24:590][  0]LogTargetPlatformManager:Display: Building Assets For Windows
[2015.03.12-15.57.24:862][  0]LogSlate:Warning: Failed to load font data from '../../../Engine/Content/Editor/Slate/Fonts/Roboto-Regular.ttf'
[2015.03.12-15.57.24:862][  0]LogSlate:Warning: Failed to load font data from '../../../Engine/Content/Editor/Slate/Fonts/Roboto-Bold.ttf'
[2015.03.12-15.57.24:870][  0]LogConsoleResponse:Display: 
[2015.03.12-15.57.25:069][  0]LogCook:Display: Done creating registry. It took  0.00s.
[2015.03.12-15.57.25:217][  0]SourceControl: Info Source control is disabled
[2015.03.12-15.57.25:218][  0]Cmd: MAP LOAD FILE="G:/UE4/000_NEW/OceanDemo/Content/Maps/DC_OceanDemo.umap" TEMPLATE=0 SHOWPROGRESS=1 FEATURELEVEL=3
[2015.03.12-15.57.25:223][  0]LightingResults: New page: Lighting Build
[2015.03.12-15.57.25:236][  0]MapCheck: New page: Map Check
[2015.03.12-15.57.25:236][  0]LightingResults: New page: Lighting Build
[2015.03.12-15.57.25:246][  0]LogParticles: Destroying 0 GPU particle simulations for FXSystem 0x00000039868A45E0
[2015.03.12-15.57.27:330][  0]LogPhysics:Warning: AddBoxesToRigidActor: [/Game/Ocean/Meshes/SM_OceanPlane.SM_OceanPlane] BoxElems[0] invalid or has invalid transform
[2015.03.12-15.57.27:330][  0]LogPhysics:Warning: AddBoxesToRigidActor: [/Game/Ocean/Meshes/SM_OceanPlane.SM_OceanPlane] BoxElems[0] invalid or has invalid transform
[2015.03.12-15.57.27:344][  0]LogPhysics:Warning: AddBoxesToRigidActor: [/Game/Ocean/Meshes/SM_OceanPlane.SM_OceanPlane] BoxElems[0] invalid or has invalid transform
[2015.03.12-15.57.27:344][  0]LogPhysics:Warning: AddBoxesToRigidActor: [/Game/Ocean/Meshes/SM_OceanPlane.SM_OceanPlane] BoxElems[0] invalid or has invalid transform
[2015.03.12-15.57.27:348][  0]LogEditorServer: Finished looking for orphan Actors (0.000 secs)
[2015.03.12-15.57.27:349][  0]LogAIModule: Creating AISystem for world DC_OceanDemo
[2015.03.12-15.57.27:351][  0]Cmd: MAP CHECKDEP
[2015.03.12-15.57.27:352][  0]MapCheck: New page: DC_OceanDemo - Mar 12, 2015, 1:57:27 AM
[2015.03.12-15.57.27:419][  0]MapCheck: Info Map check complete: 0 Error(s), 0 Warning(s), took 67.98ms to complete.
[2015.03.12-15.57.27:422][  0]LogFileHelpers: Loading map 'DC_OceanDemo' took 2.204
[2015.03.12-15.57.27:745][  0]LogCrashTracker: Crashtracker disabled due to settings.
[2015.03.12-15.57.27:750][  0]LogSlate:Warning: Failed to load font data from 'Veranda'
[2015.03.12-15.57.27:784][  0]LogCollectionManager: Loaded 0 collections in 0.001394 seconds
[2015.03.12-15.57.27:795][  0]LogContentBrowser: Native class hierarchy populated in 0.0090 seconds. Added 1699 classes and 266 folders.
[2015.03.12-15.57.27:830][  0]LogUObjectGlobals:Warning: Failed to find object 'Class None.'
[2015.03.12-15.57.27:860][  0]LogLoad: Full Startup: 18.69 seconds (BP compile: 0.43 seconds)
[2015.03.12-15.57.28:217][  0]LogContentBrowser:Verbose: The content browser source was changed by the sources view to '/Game/Ocean'
[2015.03.12-15.57.28:365][  0]LogRenderer:Warning: Reallocating scene render targets to support 32x32 (Frame:2).
[2015.03.12-15.57.28:450][  0]LogRenderer:Warning: Reallocating scene render targets to support 1528x1000 (Frame:3).
[2015.03.12-15.57.28:558][  1]Cmd: UpdateLandscapeEditorData -warnings
[2015.03.12-15.57.28:572][  1]Cmd: UpdateLandscapeEditorData
[2015.03.12-15.57.29:253][  3]LogAssetRegistry: Asset discovery search completed in 5.4014 seconds
[2015.03.12-15.57.54:227][363]LogPhysics:Warning: AddBoxesToRigidActor: [/Game/Ocean/Meshes/SM_OceanPlane.SM_OceanPlane] BoxElems[0] invalid or has invalid transform
[2015.03.12-15.57.54:227][363]LogPhysics:Warning: AddBoxesToRigidActor: [/Game/Ocean/Meshes/SM_OceanPlane.SM_OceanPlane] BoxElems[0] invalid or has invalid transform
[2015.03.12-15.57.54:227][363]LogPhysics:Warning: AddBoxesToRigidActor: [/Game/Ocean/Meshes/SM_OceanPlane.SM_OceanPlane] BoxElems[0] invalid or has invalid transform
[2015.03.12-15.57.54:227][363]LogPhysics:Warning: AddBoxesToRigidActor: [/Game/Ocean/Meshes/SM_OceanPlane.SM_OceanPlane] BoxElems[0] invalid or has invalid transform
[2015.03.12-15.57.57:248][598]LogPhysics:Warning: AddBoxesToRigidActor: [/Game/Ocean/Meshes/SM_OceanPlane.SM_OceanPlane] BoxElems[0] invalid or has invalid transform
[2015.03.12-15.57.57:248][598]LogPhysics:Warning: AddBoxesToRigidActor: [/Game/Ocean/Meshes/SM_OceanPlane.SM_OceanPlane] BoxElems[0] invalid or has invalid transform
[2015.03.12-15.57.57:248][598]LogPhysics:Warning: AddBoxesToRigidActor: [/Game/Ocean/Meshes/SM_OceanPlane.SM_OceanPlane] BoxElems[0] invalid or has invalid transform
[2015.03.12-15.57.57:248][598]LogPhysics:Warning: AddBoxesToRigidActor: [/Game/Ocean/Meshes/SM_OceanPlane.SM_OceanPlane] BoxElems[0] invalid or has invalid transform
[2015.03.12-15.58.06:654][680]BlueprintLog: New page: Compile BP_Ocean
[2015.03.12-15.58.06:714][680]LogPhysics:Warning: AddBoxesToRigidActor: [/Game/Ocean/Meshes/SM_OceanPlane.SM_OceanPlane] BoxElems[0] invalid or has invalid transform
[2015.03.12-15.58.06:714][680]LogPhysics:Warning: AddBoxesToRigidActor: [/Game/Ocean/Meshes/SM_OceanPlane.SM_OceanPlane] BoxElems[0] invalid or has invalid transform
[2015.03.12-15.58.06:714][680]LogPhysics:Warning: AddBoxesToRigidActor: [/Game/Ocean/Meshes/SM_OceanPlane.SM_OceanPlane] BoxElems[0] invalid or has invalid transform
[2015.03.12-15.58.06:714][680]LogPhysics:Warning: AddBoxesToRigidActor: [/Game/Ocean/Meshes/SM_OceanPlane.SM_OceanPlane] BoxElems[0] invalid or has invalid transform
[2015.03.12-15.58.06:715][680]LogPhysics:Warning: AddBoxesToRigidActor: [/Game/Ocean/Meshes/SM_OceanPlane.SM_OceanPlane] BoxElems[0] invalid or has invalid transform
[2015.03.12-15.58.06:715][680]LogPhysics:Warning: AddBoxesToRigidActor: [/Game/Ocean/Meshes/SM_OceanPlane.SM_OceanPlane] BoxElems[0] invalid or has invalid transform
[2015.03.12-15.58.06:715][680]LogPhysics:Warning: AddBoxesToRigidActor: [/Game/Ocean/Meshes/SM_OceanPlane.SM_OceanPlane] BoxElems[0] invalid or has invalid transform
[2015.03.12-15.58.06:715][680]LogPhysics:Warning: AddBoxesToRigidActor: [/Game/Ocean/Meshes/SM_OceanPlane.SM_OceanPlane] BoxElems[0] invalid or has invalid transform
[2015.03.12-15.58.06:815][680]LogPhysics:Warning: AddBoxesToRigidActor: [/Game/Ocean/Meshes/SM_OceanPlane.SM_OceanPlane] BoxElems[0] invalid or has invalid transform
[2015.03.12-15.58.06:815][680]LogPhysics:Warning: AddBoxesToRigidActor: [/Game/Ocean/Meshes/SM_OceanPlane.SM_OceanPlane] BoxElems[0] invalid or has invalid transform
[2015.03.12-15.58.06:815][680]LogPhysics:Warning: AddBoxesToRigidActor: [/Game/Ocean/Meshes/SM_OceanPlane.SM_OceanPlane] BoxElems[0] invalid or has invalid transform
[2015.03.12-15.58.06:815][680]LogPhysics:Warning: AddBoxesToRigidActor: [/Game/Ocean/Meshes/SM_OceanPlane.SM_OceanPlane] BoxElems[0] invalid or has invalid transform
[2015.03.12-15.58.06:819][680]BlueprintEditorCompileResults: Info [0057.65] Compile of BP_Ocean successful! [in 165 ms]
[2015.03.12-15.58.06:820][680]LogPhysics:Warning: AddBoxesToRigidActor: [/Game/Ocean/Meshes/SM_OceanPlane.SM_OceanPlane] BoxElems[0] invalid or has invalid transform
[2015.03.12-15.58.06:820][680]LogPhysics:Warning: AddBoxesToRigidActor: [/Game/Ocean/Meshes/SM_OceanPlane.SM_OceanPlane] BoxElems[0] invalid or has invalid transform
[2015.03.12-15.58.06:821][680]LogPhysics:Warning: AddBoxesToRigidActor: [/Game/Ocean/Meshes/SM_OceanPlane.SM_OceanPlane] BoxElems[0] invalid or has invalid transform
[2015.03.12-15.58.06:821][680]LogPhysics:Warning: AddBoxesToRigidActor: [/Game/Ocean/Meshes/SM_OceanPlane.SM_OceanPlane] BoxElems[0] invalid or has invalid transform
[2015.03.12-15.58.06:842][681]LogPhysics:Warning: AddBoxesToRigidActor: [/Game/Ocean/Meshes/SM_OceanPlane.SM_OceanPlane] BoxElems[0] invalid or has invalid transform
[2015.03.12-15.58.06:842][681]LogPhysics:Warning: AddBoxesToRigidActor: [/Game/Ocean/Meshes/SM_OceanPlane.SM_OceanPlane] BoxElems[0] invalid or has invalid transform
[2015.03.12-15.58.06:842][681]LogPhysics:Warning: AddBoxesToRigidActor: [/Game/Ocean/Meshes/SM_OceanPlane.SM_OceanPlane] BoxElems[0] invalid or has invalid transform
[2015.03.12-15.58.06:842][681]LogPhysics:Warning: AddBoxesToRigidActor: [/Game/Ocean/Meshes/SM_OceanPlane.SM_OceanPlane] BoxElems[0] invalid or has invalid transform
[2015.03.12-15.58.17:218][733]LogEditorViewport: Clicking on Actor (LMB): BP_Ocean_C (BP_Ocean)
[2015.03.12-16.07.28:466][250]LogParticles: Destroying 0 GPU particle simulations for FXSystem 0x00000039920007C0
[2015.03.12-16.07.28:532][250]Cmd: OBJ SAVEPACKAGE PACKAGE="/Game/Maps/DC_OceanDemo" FILE="G:/UE4/000_NEW/OceanDemo/Saved/Autosaves/Game/Maps/DC_OceanDemo_Auto1.umap" SILENT=true AUTOSAVING=true KEEPDIRTY=false
[2015.03.12-16.07.28:771][250]LogSavePackage: Save=216.608612ms
[2015.03.12-16.07.28:771][250]LogSavePackage: Moving 'G:/UE4/000_NEW/OceanDemo/Saved/DC_OceanDemo_Auto1A213222A4AB4E5EAB3144C87CF494F7E.tmp' to 'G:/UE4/000_NEW/OceanDemo/Saved/Autosaves/Game/Maps/DC_OceanDemo_Auto1.umap'
[2015.03.12-16.07.28:775][250]LogFileHelpers: Editor autosave (incl. sublevels) for '/Game/Maps/DC_OceanDemo' took 0.324
[2015.03.12-16.07.28:775][250]LogFileHelpers: Editor autosave (incl. sublevels) for all levels took 0.324
[2015.03.12-17.31.59:034][132]LogFileHelpers: Editor autosave (incl. sublevels) for '/Game/Maps/DC_OceanDemo' took 0.019
[2015.03.12-17.32.38:647][857]LogContentBrowser:Verbose: The content browser source was changed by the sources view to '/Game'
[2015.03.12-17.32.40:800][ 99]LogContentBrowser:Verbose: The content browser source was changed by the sources view to '/Game/NewFolder'
[2015.03.12-17.32.47:401][890]LogContentBrowser:Verbose: The content browser source was changed by the sources view to '/Game/Game'
[2015.03.12-17.32.54:606][355]LogContentBrowser:Verbose: The content browser source was changed by the sources view to '/Game/Game'
[2015.03.12-17.33.03:801][437]Cmd: OBJ SAVEPACKAGE PACKAGE="/Game/Maps/DC_OceanDemo" FILE="G:/UE4/000_NEW/OceanDemo/Content/Maps/DC_OceanDemo.umap" SILENT=true AUTOSAVING=false KEEPDIRTY=false
[2015.03.12-17.33.03:997][437]LogSavePackage: Save=174.465637ms
[2015.03.12-17.33.03:997][437]LogSavePackage: Moving 'G:/UE4/000_NEW/OceanDemo/Saved/DC_OceanDemoFB66F7A945374559E9221C880BC7C782.tmp' to 'G:/UE4/000_NEW/OceanDemo/Content/Maps/DC_OceanDemo.umap'
[2015.03.12-17.33.04:012][437]LogFileHelpers: Saving map 'DC_OceanDemo' took 0.284
[2015.03.12-17.33.04:015][437]Cmd: OBJ SAVEPACKAGE PACKAGE="/Game/Game/BP_GameMode" FILE="G:/UE4/000_NEW/OceanDemo/Content/Game/BP_GameMode.uasset" SILENT=true
[2015.03.12-17.33.04:024][437]LogSavePackage: Save=8.455594ms
[2015.03.12-17.33.04:024][437]LogSavePackage: Moving 'G:/UE4/000_NEW/OceanDemo/Saved/BP_GameMode6B5780D94514B9F4404FF9AC76C7EED9.tmp' to 'G:/UE4/000_NEW/OceanDemo/Content/Game/BP_GameMode.uasset'
[2015.03.12-17.33.35:621][953]LogContentBrowser:Verbose: The content browser source was changed by the sources view to '/Game/Game'
[2015.03.12-17.33.46:614][267]LogActorComponent: UnregisterComponent: (/Engine/Transient.MovementComponent0) Not registered. Aborting.
[2015.03.12-17.33.46:709][267]Cmd: OBJ SAVEPACKAGE PACKAGE="/Game/Game/BP_DefaultPawn" FILE="G:/UE4/000_NEW/OceanDemo/Content/Game/BP_DefaultPawn.uasset" SILENT=true
[2015.03.12-17.33.46:974][267]LogSavePackage: Save=263.921021ms
[2015.03.12-17.33.46:974][267]LogSavePackage: Moving 'G:/UE4/000_NEW/OceanDemo/Saved/BP_DefaultPawn9D00C8B94EA128D8767402A066918A4A.tmp' to 'G:/UE4/000_NEW/OceanDemo/Content/Game/BP_DefaultPawn.uasset'
[2015.03.12-17.34.35:474][676]BlueprintLog: New page: Compile BP_DefaultPawn
[2015.03.12-17.34.35:519][676]LogActorComponent: UnregisterComponent: (/Engine/Transient.MovementComponent0) Not registered. Aborting.
[2015.03.12-17.34.35:595][676]Cmd: OBJ SAVEPACKAGE PACKAGE="/Game/Game/BP_DefaultPawn" FILE="G:/UE4/000_NEW/OceanDemo/Content/Game/BP_DefaultPawn.uasset" SILENT=true
[2015.03.12-17.34.35:610][676]LogSavePackage: Save=10.849401ms
[2015.03.12-17.34.35:610][676]LogSavePackage: Moving 'G:/UE4/000_NEW/OceanDemo/Saved/BP_DefaultPawnF1D8D4D84EB7545200E336BE542CB3E1.tmp' to 'G:/UE4/000_NEW/OceanDemo/Content/Game/BP_DefaultPawn.uasset'
[2015.03.12-17.34.35:613][676]BlueprintEditorCompileResults: Info [5846.45] Compile of BP_DefaultPawn successful! [in 139 ms]
[2015.03.12-17.34.44:483][577]LogSlate:Warning: Prevented a slow task dialog from being summoned while a context menu was open
[2015.03.12-17.36.02:259][195]LogPlayLevel: PIE:  No blueprints needed recompiling
[2015.03.12-17.36.02:259][195]PIE: New page: PIE session: DC_OceanDemo (Mar 12, 2015, 3:36:02 AM)
[2015.03.12-17.36.02:267][195]LogPlayLevel: PIE: StaticDuplicateObject took: (0.008051s)
[2015.03.12-17.36.02:268][195]LogPlayLevel: PIE: World Init took: (0.000472s)
[2015.03.12-17.36.02:268][195]LogPlayLevel: PIE: Created PIE world by copying editor world from /Game/Maps/DC_OceanDemo.DC_OceanDemo to /Game/Maps/UEDPIE_0_DC_OceanDemo.DC_OceanDemo (0.008837s)
[2015.03.12-17.36.02:325][195]LogWorld: Game class is 'BP_GameMode_C'
[2015.03.12-17.36.02:349][195]LogAIModule: Creating AISystem for world DC_OceanDemo
[2015.03.12-17.36.02:357][195]LogPhysics:Warning: AddBoxesToRigidActor: [/Game/Ocean/Meshes/SM_OceanPlane.SM_OceanPlane] BoxElems[0] invalid or has invalid transform
[2015.03.12-17.36.02:357][195]LogPhysics:Warning: AddBoxesToRigidActor: [/Game/Ocean/Meshes/SM_OceanPlane.SM_OceanPlane] BoxElems[0] invalid or has invalid transform
[2015.03.12-17.36.02:358][195]LogWorld: Bringing World /Game/Maps/UEDPIE_0_DC_OceanDemo.DC_OceanDemo up for play (max tick rate 0) at 2015.03.12-10.36.02
[2015.03.12-17.36.02:359][195]LogWorld: Bringing up level for play took: 0.009346
[2015.03.12-17.36.02:369][195]PIE: Info Play in editor start time for /Game/Maps/UEDPIE_0_DC_OceanDemo -0.867
[2015.03.12-17.36.06:258][649]LogPhysics:Warning: AddBoxesToRigidActor: [/Game/Ocean/Meshes/SM_OceanPlane.SM_OceanPlane] BoxElems[0] invalid or has invalid transform
[2015.03.12-17.36.06:258][649]LogPhysics:Warning: AddBoxesToRigidActor: [/Game/Ocean/Meshes/SM_OceanPlane.SM_OceanPlane] BoxElems[0] invalid or has invalid transform
[2015.03.12-17.36.06:325][649]LogParticles: Destroying 0 GPU particle simulations for FXSystem 0x0000003982810FE0
[2015.03.12-17.36.14:795][467]Cmd: OBJ SAVEPACKAGE PACKAGE="/Game/Game/BP_GameMode" FILE="G:/UE4/000_NEW/OceanDemo/Content/Game/BP_GameMode.uasset" SILENT=true
[2015.03.12-17.36.14:811][467]LogSavePackage: Save=11.258893ms
[2015.03.12-17.36.14:811][467]LogSavePackage: Moving 'G:/UE4/000_NEW/OceanDemo/Saved/BP_GameMode62351F8E4AC779306036F286D6351486.tmp' to 'G:/UE4/000_NEW/OceanDemo/Content/Game/BP_GameMode.uasset'
[2015.03.12-17.36.55:251][319]LogContentBrowser:Verbose: The content browser source was changed by the sources view to '/Game/Ocean'
[2015.03.12-17.37.04:816][459]LogContentBrowser:Verbose: The content browser source was changed by the sources view to '/Game/Ocean'
[2015.03.12-17.37.37:825][268]Cmd: OBJ SAVEPACKAGE PACKAGE="/Game/Ocean/Old/BP_OceanManager" FILE="G:/UE4/000_NEW/OceanDemo/Content/Ocean/Old/BP_OceanManager.uasset" SILENT=true
[2015.03.12-17.37.38:260][268]LogSavePackage: Save=427.954559ms
[2015.03.12-17.37.38:260][268]LogSavePackage: Moving 'G:/UE4/000_NEW/OceanDemo/Saved/BP_OceanManagerE9AF433E4C0C7148C98DA29ABD84C3C4.tmp' to 'G:/UE4/000_NEW/OceanDemo/Content/Ocean/Old/BP_OceanManager.uasset'
[2015.03.12-17.37.38:262][268]LogMetaData: Removing '/Game/Ocean/Old/BP_OceanManager.BP_OceanManager_C' ref from Metadata '/Game/Ocean/BP_OceanManager.PackageMetaData'
[2015.03.12-17.37.38:262][268]LogMetaData: Removing '/Game/Ocean/Old/BP_OceanManager.BP_OceanManager:UserConstructionScript.K2Node_FunctionEntry_527' ref from Metadata '/Game/Ocean/BP_OceanManager.PackageMetaData'
[2015.03.12-17.37.38:262][268]LogMetaData: Removing '/Game/Ocean/Old/BP_OceanManager.BP_OceanManager:Calculate Gerstner Wave.K2Node_FunctionResult_4' ref from Metadata '/Game/Ocean/BP_OceanManager.PackageMetaData'
[2015.03.12-17.37.38:262][268]LogMetaData: Removing '/Game/Ocean/Old/BP_OceanManager.BP_OceanManager:Calculate Gerstner Wave.K2Node_FunctionEntry_530' ref from Metadata '/Game/Ocean/BP_OceanManager.PackageMetaData'
[2015.03.12-17.37.38:262][268]LogMetaData: Removing '/Game/Ocean/Old/BP_OceanManager.BP_OceanManager:Create Wave Set.K2Node_FunctionResult_5' ref from Metadata '/Game/Ocean/BP_OceanManager.PackageMetaData'
[2015.03.12-17.37.38:262][268]LogMetaData: Removing '/Game/Ocean/Old/BP_OceanManager.BP_OceanManager:Create Wave Set.K2Node_FunctionEntry_533' ref from Metadata '/Game/Ocean/BP_OceanManager.PackageMetaData'
[2015.03.12-17.37.38:262][268]LogMetaData: Removing '/Game/Ocean/Old/BP_OceanManager.BP_OceanManager:Init Wave Set 1.K2Node_FunctionEntry_769' ref from Metadata '/Game/Ocean/BP_OceanManager.PackageMetaData'
[2015.03.12-17.37.38:262][268]LogMetaData: Removing '/Game/Ocean/Old/BP_OceanManager.BP_OceanManager:Init Wave Set 2.K2Node_FunctionEntry_774' ref from Metadata '/Game/Ocean/BP_OceanManager.PackageMetaData'
[2015.03.12-17.37.38:262][268]LogMetaData: Removing '/Game/Ocean/Old/BP_OceanManager.BP_OceanManager:Get Wave Height.K2Node_FunctionEntry_331' ref from Metadata '/Game/Ocean/BP_OceanManager.PackageMetaData'
[2015.03.12-17.37.38:262][268]LogMetaData: Removing '/Game/Ocean/Old/BP_OceanManager.BP_OceanManager:Get Wave Height.K2Node_FunctionResult_0' ref from Metadata '/Game/Ocean/BP_OceanManager.PackageMetaData'
[2015.03.12-17.37.38:262][268]LogMetaData: Removing '/Game/Ocean/Old/BP_OceanManager.BP_OceanManager:Process Buoyancy.K2Node_FunctionEntry_569' ref from Metadata '/Game/Ocean/BP_OceanManager.PackageMetaData'
[2015.03.12-17.37.38:262][268]LogMetaData: Removing '/Game/Ocean/Old/BP_OceanManager.BP_OceanManager:Process Buoyancy.K2Node_FunctionResult_0' ref from Metadata '/Game/Ocean/BP_OceanManager.PackageMetaData'
[2015.03.12-17.37.38:262][268]LogMetaData: Removing '/Game/Ocean/Old/BP_OceanManager.BP_OceanManager:Find Wave Height at Point.K2Node_FunctionEntry_616' ref from Metadata '/Game/Ocean/BP_OceanManager.PackageMetaData'
[2015.03.12-17.37.38:262][268]LogMetaData: Removing '/Game/Ocean/Old/BP_OceanManager.BP_OceanManager:Find Wave Height at Point.K2Node_FunctionResult_1' ref from Metadata '/Game/Ocean/BP_OceanManager.PackageMetaData'
[2015.03.12-17.37.38:262][268]LogMetaData: Removing '/Game/Ocean/Old/BP_OceanManager.BP_OceanManager:Init Global Parameters.K2Node_FunctionEntry_684' ref from Metadata '/Game/Ocean/BP_OceanManager.PackageMetaData'
[2015.03.12-17.37.38:262][268]LogMetaData: Removing '/Game/Ocean/Old/BP_OceanManager.SKEL_BP_OceanManager_C' ref from Metadata '/Game/Ocean/BP_OceanManager.PackageMetaData'
[2015.03.12-17.37.38:345][268]Cmd: OBJ SAVEPACKAGE PACKAGE="/Game/Ocean/Old/BP_RiverTool" FILE="G:/UE4/000_NEW/OceanDemo/Content/Ocean/Old/BP_RiverTool.uasset" SILENT=true
[2015.03.12-17.37.38:388][268]LogSavePackage: Save=41.367592ms
[2015.03.12-17.37.38:388][268]LogSavePackage: Moving 'G:/UE4/000_NEW/OceanDemo/Saved/BP_RiverTool50060ABE4C19F155DC96FF81D8BC342D.tmp' to 'G:/UE4/000_NEW/OceanDemo/Content/Ocean/Old/BP_RiverTool.uasset'
[2015.03.12-17.37.38:389][268]LogMetaData: Removing '/Game/Ocean/Old/BP_RiverTool.BP_RiverTool_C' ref from Metadata '/Game/Ocean/BP_RiverTool.PackageMetaData'
[2015.03.12-17.37.38:389][268]LogMetaData: Removing '/Game/Ocean/Old/BP_RiverTool.SKEL_BP_RiverTool_C' ref from Metadata '/Game/Ocean/BP_RiverTool.PackageMetaData'
[2015.03.12-17.37.38:399][268]LogMetaData: Removing '/Game/Ocean/Old/WaveParameters.WaveParameters' ref from Metadata '/Game/Ocean/WaveParameters.PackageMetaData'
[2015.03.12-17.37.38:399][268]LogMetaData: Removing '/Game/Ocean/Old/WaveParameters.WaveParameters:Length_10_4A05686B4A7A0FD50216F1BC11243E58' ref from Metadata '/Game/Ocean/WaveParameters.PackageMetaData'
[2015.03.12-17.37.38:399][268]LogMetaData: Removing '/Game/Ocean/Old/WaveParameters.WaveParameters:Rotation_13_FEFFBBA3496BF34C17BAF59BDD00E887' ref from Metadata '/Game/Ocean/WaveParameters.PackageMetaData'
[2015.03.12-17.37.38:399][268]LogMetaData: Removing '/Game/Ocean/Old/WaveParameters.WaveParameters:Amplitude_11_B979DC504FE83732BD97E5830A1C634F' ref from Metadata '/Game/Ocean/WaveParameters.PackageMetaData'
[2015.03.12-17.37.38:399][268]LogMetaData: Removing '/Game/Ocean/Old/WaveParameters.WaveParameters:Steepness_12_C8F240CD441F44A4ADF9EFA32ABB20FE' ref from Metadata '/Game/Ocean/WaveParameters.PackageMetaData'
[2015.03.12-17.37.38:399][268]LogMetaData: Removing '/Game/Ocean/Old/WaveParameters.WaveParameters:TimeMultiplier_16_7199C2E8429F10CA451FC58298554714' ref from Metadata '/Game/Ocean/WaveParameters.PackageMetaData'
[2015.03.12-17.37.38:409][268]LogMetaData: Removing '/Game/Ocean/Old/WaveSet.WaveSet' ref from Metadata '/Game/Ocean/WaveSet.PackageMetaData'
[2015.03.12-17.37.38:409][268]LogMetaData: Removing '/Game/Ocean/Old/WaveSet.WaveSet:Wave01_16_4530CCA2421A965D229148894FABE40D' ref from Metadata '/Game/Ocean/WaveSet.PackageMetaData'
[2015.03.12-17.37.38:409][268]LogMetaData: Removing '/Game/Ocean/Old/WaveSet.WaveSet:Wave02_17_6F7352A44B1DD345A276A384C4284253' ref from Metadata '/Game/Ocean/WaveSet.PackageMetaData'
[2015.03.12-17.37.38:409][268]LogMetaData: Removing '/Game/Ocean/Old/WaveSet.WaveSet:Wave03_18_E3E844734407831833E1F1A1D554C4D0' ref from Metadata '/Game/Ocean/WaveSet.PackageMetaData'
[2015.03.12-17.37.38:409][268]LogMetaData: Removing '/Game/Ocean/Old/WaveSet.WaveSet:Wave04_19_03B6CDA642C701AFFACA6C96E4424030' ref from Metadata '/Game/Ocean/WaveSet.PackageMetaData'
[2015.03.12-17.37.38:409][268]LogMetaData: Removing '/Game/Ocean/Old/WaveSet.WaveSet:Wave05_20_019262744BDD41B47EE2F6A0DA9E3D02' ref from Metadata '/Game/Ocean/WaveSet.PackageMetaData'
[2015.03.12-17.37.38:409][268]LogMetaData: Removing '/Game/Ocean/Old/WaveSet.WaveSet:Wave06_21_1094DEA34B2A374AB70B678F5EAB7B02' ref from Metadata '/Game/Ocean/WaveSet.PackageMetaData'
[2015.03.12-17.37.38:409][268]LogMetaData: Removing '/Game/Ocean/Old/WaveSet.WaveSet:Wave07_22_77C0BE5C4730BD2D24AE74ADA2F361B7' ref from Metadata '/Game/Ocean/WaveSet.PackageMetaData'
[2015.03.12-17.37.38:409][268]LogMetaData: Removing '/Game/Ocean/Old/WaveSet.WaveSet:Wave08_23_7E98525447B7FDB15016B8941E54092E' ref from Metadata '/Game/Ocean/WaveSet.PackageMetaData'
[2015.03.12-17.37.38:479][268]Cmd: OBJ SAVEPACKAGE PACKAGE="/Game/Ocean/Old/BP_OceanManager" FILE="G:/UE4/000_NEW/OceanDemo/Content/Ocean/Old/BP_OceanManager.uasset" SILENT=true
[2015.03.12-17.37.38:956][268]LogSavePackage: Save=471.899384ms
[2015.03.12-17.37.38:956][268]LogSavePackage: Moving 'G:/UE4/000_NEW/OceanDemo/Saved/BP_OceanManagerB8A13EC744B78229CEDD1E8329966C68.tmp' to 'G:/UE4/000_NEW/OceanDemo/Content/Ocean/Old/BP_OceanManager.uasset'
[2015.03.12-17.37.38:962][268]Cmd: OBJ SAVEPACKAGE PACKAGE="/Game/Ocean/Old/BP_RiverTool" FILE="G:/UE4/000_NEW/OceanDemo/Content/Ocean/Old/BP_RiverTool.uasset" SILENT=true
[2015.03.12-17.37.39:011][268]LogSavePackage: Save=44.839245ms
[2015.03.12-17.37.39:011][268]LogSavePackage: Moving 'G:/UE4/000_NEW/OceanDemo/Saved/BP_RiverTool74426B014851830AF15AC9B7D7CF59D7.tmp' to 'G:/UE4/000_NEW/OceanDemo/Content/Ocean/Old/BP_RiverTool.uasset'
[2015.03.12-17.37.39:017][268]Cmd: OBJ SAVEPACKAGE PACKAGE="/Game/Ocean/Old/WaveParameters" FILE="G:/UE4/000_NEW/OceanDemo/Content/Ocean/Old/WaveParameters.uasset" SILENT=true
[2015.03.12-17.37.39:021][268]LogSavePackage: Save=2.799690ms
[2015.03.12-17.37.39:021][268]LogSavePackage: Moving 'G:/UE4/000_NEW/OceanDemo/Saved/WaveParameters838CFBFE444330E160218AAE918A47F8.tmp' to 'G:/UE4/000_NEW/OceanDemo/Content/Ocean/Old/WaveParameters.uasset'
[2015.03.12-17.37.39:025][268]Cmd: OBJ SAVEPACKAGE PACKAGE="/Game/Ocean/Old/WaveSet" FILE="G:/UE4/000_NEW/OceanDemo/Content/Ocean/Old/WaveSet.uasset" SILENT=true
[2015.03.12-17.37.39:029][268]LogSavePackage: Save=3.066370ms
[2015.03.12-17.37.39:029][268]LogSavePackage: Moving 'G:/UE4/000_NEW/OceanDemo/Saved/WaveSetA6063AF849085572693CF489AD8DCC14.tmp' to 'G:/UE4/000_NEW/OceanDemo/Content/Ocean/Old/WaveSet.uasset'
[2015.03.12-17.37.42:559][643]LogContentBrowser:Verbose: The content browser source was changed by the sources view to '/Game/Ocean/Materials'
[2015.03.12-17.37.42:655][647]LogMaterial: Missing cached shader map for material Material_0, compiling. 
[2015.03.12-17.37.42:663][647]LogPhysics:Warning: AddBoxesToRigidActor: [/Game/Ocean/Meshes/SM_OceanPlane.SM_OceanPlane] BoxElems[0] invalid or has invalid transform
[2015.03.12-17.37.42:663][647]LogPhysics:Warning: AddBoxesToRigidActor: [/Game/Ocean/Meshes/SM_OceanPlane.SM_OceanPlane] BoxElems[0] invalid or has invalid transform
[2015.03.12-17.37.42:675][648]LogMaterial: Missing cached shader map for material Material_1, compiling. 
[2015.03.12-17.37.42:678][648]LogPhysics:Warning: AddBoxesToRigidActor: [/Game/Ocean/Meshes/SM_OceanPlane.SM_OceanPlane] BoxElems[0] invalid or has invalid transform
[2015.03.12-17.37.42:678][648]LogPhysics:Warning: AddBoxesToRigidActor: [/Game/Ocean/Meshes/SM_OceanPlane.SM_OceanPlane] BoxElems[0] invalid or has invalid transform
[2015.03.12-17.37.42:688][649]LogMaterial: Missing cached shader map for material Material_2, compiling. 
[2015.03.12-17.37.42:696][649]LogPhysics:Warning: AddBoxesToRigidActor: [/Game/Ocean/Meshes/SM_OceanPlane.SM_OceanPlane] BoxElems[0] invalid or has invalid transform
[2015.03.12-17.37.42:696][649]LogPhysics:Warning: AddBoxesToRigidActor: [/Game/Ocean/Meshes/SM_OceanPlane.SM_OceanPlane] BoxElems[0] invalid or has invalid transform
[2015.03.12-17.37.42:705][650]LogMaterial: Missing cached shader map for material Material_3, compiling. 
[2015.03.12-17.37.42:707][650]LogPhysics:Warning: AddBoxesToRigidActor: [/Game/Ocean/Meshes/SM_OceanPlane.SM_OceanPlane] BoxElems[0] invalid or has invalid transform
[2015.03.12-17.37.42:707][650]LogPhysics:Warning: AddBoxesToRigidActor: [/Game/Ocean/Meshes/SM_OceanPlane.SM_OceanPlane] BoxElems[0] invalid or has invalid transform
[2015.03.12-17.37.43:222][707]LogContentBrowser:Verbose: The content browser source was changed by the sources view to '/Game/Ocean'
[2015.03.12-17.37.52:670][675]LogContentBrowser:Verbose: The content browser source was changed by the sources view to '/Game/Ocean/Meshes'
[2015.03.12-17.37.56:952][179]LogContentBrowser:Verbose: The content browser source was changed by the sources view to '/Game/Ocean'
[2015.03.12-17.39.41:999][407]Cmd: OBJ SAVEPACKAGE PACKAGE="/Game/Maps/DC_OceanDemo" FILE="G:/UE4/000_NEW/OceanDemo/Content/Maps/DC_OceanDemo.umap" SILENT=true AUTOSAVING=false KEEPDIRTY=false
[2015.03.12-17.39.42:198][407]LogSavePackage: Save=175.170670ms
[2015.03.12-17.39.42:198][407]LogSavePackage: Moving 'G:/UE4/000_NEW/OceanDemo/Saved/DC_OceanDemo3B55D0EA4E2359B1E385A1A142F5321E.tmp' to 'G:/UE4/000_NEW/OceanDemo/Content/Maps/DC_OceanDemo.umap'
[2015.03.12-17.39.42:211][407]LogFileHelpers: Saving map 'DC_OceanDemo' took 0.287
[2015.03.12-17.40.02:128][749]LogParticles: Destroying 0 GPU particle simulations for FXSystem 0x00000039FCE2FE20
[2015.03.12-17.40.04:280][  7]LogContentBrowser:Verbose: The content browser source was changed by the sources view to '/Game/Game'
[2015.03.12-17.40.07:426][384]LogContentBrowser:Verbose: The content browser source was changed by the sources view to '/Game/Ocean'
[2015.03.12-17.40.13:240][ 63]Cmd: OBJ SAVEPACKAGE PACKAGE="/Game/Maps/DC_OceanDemo" FILE="G:/UE4/000_NEW/OceanDemo/Content/Maps/DC_OceanDemo.umap" SILENT=true AUTOSAVING=false KEEPDIRTY=false
[2015.03.12-17.40.13:434][ 63]LogSavePackage: Save=176.036545ms
[2015.03.12-17.40.13:434][ 63]LogSavePackage: Moving 'G:/UE4/000_NEW/OceanDemo/Saved/DC_OceanDemoDFE11BE14E0A3F46A56DE7910FBDFA7B.tmp' to 'G:/UE4/000_NEW/OceanDemo/Content/Maps/DC_OceanDemo.umap'
[2015.03.12-17.40.13:448][ 63]LogFileHelpers: Saving map 'DC_OceanDemo' took 0.282
[2015.03.12-17.40.15:693][332]Cmd: SELECT NONE
[2015.03.12-17.40.24:862][427]LogEditorViewport: Clicking on Actor (LMB): BP_Skydome_C (BP_Skydome)
[2015.03.12-17.40.32:635][334]Cmd: SELECT NONE
[2015.03.12-17.40.34:598][551]Cmd: OBJ SAVEPACKAGE PACKAGE="/Game/Maps/DC_OceanDemo" FILE="G:/UE4/000_NEW/OceanDemo/Content/Maps/DC_OceanDemo.umap" SILENT=true AUTOSAVING=false KEEPDIRTY=false
[2015.03.12-17.40.34:791][551]LogSavePackage: Save=172.707703ms
[2015.03.12-17.40.34:791][551]LogSavePackage: Moving 'G:/UE4/000_NEW/OceanDemo/Saved/DC_OceanDemo2997F8374F723173F33FBA826CF3C92D.tmp' to 'G:/UE4/000_NEW/OceanDemo/Content/Maps/DC_OceanDemo.umap'
[2015.03.12-17.40.34:804][551]LogFileHelpers: Saving map 'DC_OceanDemo' took 0.281
[2015.03.12-17.40.38:065][891]Cmd: QUIT_EDITOR
[2015.03.12-17.40.38:231][891]LogExit: Preparing to exit.
[2015.03.12-17.40.38:478][891]LogExit: Editor shut down
[2015.03.12-17.40.38:478][891]LogExit: Transaction tracking system shut down
[2015.03.12-17.40.38:480][891]LogParticles: Destroying 0 GPU particle simulations for FXSystem 0x0000003989843420
[2015.03.12-17.40.38:480][891]LogParticles: Destroying 0 GPU particle simulations for FXSystem 0x000000398FCED080
[2015.03.12-17.40.38:480][891]LogParticles: Destroying 0 GPU particle simulations for FXSystem 0x0000003991AA68E0
[2015.03.12-17.40.38:482][891]LogParticles: Destroying 0 GPU particle simulations for FXSystem 0x00000039FC5ECAE0
[2015.03.12-17.40.38:482][891]LogParticles: Destroying 0 GPU particle simulations for FXSystem 0x00000039FC5A5260
[2015.03.12-17.40.38:482][891]LogParticles: Destroying 0 GPU particle simulations for FXSystem 0x000000399069B880
[2015.03.12-17.40.38:570][891]LogExit: Object subsystem successfully closed.
[2015.03.12-17.40.38:646][891]LogModuleManager: Shutting down and abandoning module ExternalImagePicker (179)
[2015.03.12-17.40.38:646][891]LogModuleManager: Shutting down and abandoning module EditorWidgets (178)
[2015.03.12-17.40.38:646][891]LogModuleManager: Shutting down and abandoning module CollectionManager (177)
[2015.03.12-17.40.38:646][891]LogModuleManager: Shutting down and abandoning module CrashTracker (176)
[2015.03.12-17.40.38:646][891]LogModuleManager: Shutting down and abandoning module SuperSearch (175)
[2015.03.12-17.40.38:646][891]LogModuleManager: Shutting down and abandoning module SceneOutliner (174)
[2015.03.12-17.40.38:646][891]LogModuleManager: Shutting down and abandoning module StatsViewer (173)
[2015.03.12-17.40.38:647][891]LogModuleManager: Shutting down and abandoning module FoliageEdit (172)
[2015.03.12-17.40.38:647][891]LogModuleManager: Shutting down and abandoning module LandscapeEditor (171)
[2015.03.12-17.40.38:648][891]LogModuleManager: Shutting down and abandoning module MeshPaint (170)
[2015.03.12-17.40.38:648][891]LogModuleManager: Shutting down and abandoning module ActorPickerMode (169)
[2015.03.12-17.40.38:648][891]LogModuleManager: Shutting down and abandoning module GeometryMode (168)
[2015.03.12-17.40.38:648][891]LogModuleManager: Shutting down and abandoning module TextureAlignMode (167)
[2015.03.12-17.40.38:648][891]LogModuleManager: Shutting down and abandoning module BspMode (166)
[2015.03.12-17.40.38:648][891]LogModuleManager: Shutting down and abandoning module PlacementMode (165)
[2015.03.12-17.40.38:648][891]LogModuleManager: Shutting down and abandoning module AutomationWorker (164)
[2015.03.12-17.40.38:648][891]LogModuleManager: Shutting down and abandoning module CharacterAI (163)
[2015.03.12-17.40.38:648][891]LogModuleManager: Shutting down and abandoning module SmartSnapping (162)
[2015.03.12-17.40.38:648][891]LogModuleManager: Shutting down and abandoning module ViewportSnapping (161)
[2015.03.12-17.40.38:648][891]LogModuleManager: Shutting down and abandoning module LogVisualizer (160)
[2015.03.12-17.40.38:649][891]LogModuleManager: Shutting down and abandoning module GameProjectGeneration (159)
[2015.03.12-17.40.38:649][891]LogModuleManager: Shutting down and abandoning module IntroTutorials (158)
[2015.03.12-17.40.38:649][891]LogModuleManager: Shutting down and abandoning module EditorLiveStreaming (157)
[2015.03.12-17.40.38:650][891]LogModuleManager: Shutting down and abandoning module HardwareTargeting (156)
[2015.03.12-17.40.38:650][891]LogModuleManager: Shutting down and abandoning module DeviceProfileEditor (155)
[2015.03.12-17.40.38:650][891]LogModuleManager: Shutting down and abandoning module UndoHistory (154)
[2015.03.12-17.40.38:650][891]LogModuleManager: Shutting down and abandoning module GameplayTagsEditor (153)
[2015.03.12-17.40.38:650][891]LogModuleManager: Shutting down and abandoning module UserFeedback (152)
[2015.03.12-17.40.38:650][891]LogModuleManager: Shutting down and abandoning module XmlParser (151)
[2015.03.12-17.40.38:650][891]LogModuleManager: Shutting down and abandoning module Blutility (150)
[2015.03.12-17.40.38:650][891]LogModuleManager: Shutting down and abandoning module IOSPlatformEditor (149)
[2015.03.12-17.40.38:650][891]LogModuleManager: Shutting down and abandoning module IOSRuntimeSettings (148)
[2015.03.12-17.40.38:650][891]LogModuleManager: Shutting down and abandoning module AndroidDeviceDetection (147)
[2015.03.12-17.40.39:464][891]LogModuleManager: Shutting down and abandoning module AndroidPlatformEditor (146)
[2015.03.12-17.40.39:464][891]LogModuleManager: Shutting down and abandoning module AndroidRuntimeSettings (145)
[2015.03.12-17.40.39:464][891]LogModuleManager: Shutting down and abandoning module ProjectTargetPlatformEditor (144)
[2015.03.12-17.40.39:464][891]LogModuleManager: Shutting down and abandoning module ProjectSettingsViewer (143)
[2015.03.12-17.40.39:464][891]LogModuleManager: Shutting down and abandoning module InputBindingEditor (142)
[2015.03.12-17.40.39:465][891]LogModuleManager: Shutting down and abandoning module EditorSettingsViewer (141)
[2015.03.12-17.40.39:465][891]LogModuleManager: Shutting down and abandoning module SettingsEditor (140)
[2015.03.12-17.40.39:465][891]LogModuleManager: Shutting down and abandoning module ProjectLauncher (139)
[2015.03.12-17.40.39:466][891]LogModuleManager: Shutting down and abandoning module SessionFrontend (138)
[2015.03.12-17.40.39:466][891]LogModuleManager: Shutting down and abandoning module ProfilerClient (137)
[2015.03.12-17.40.39:466][891]LogModuleManager: Shutting down and abandoning module TargetDeviceServices (136)
[2015.03.12-17.40.39:466][891]LogModuleManager: Shutting down and abandoning module DeviceManager (135)
[2015.03.12-17.40.39:466][891]LogModuleManager: Shutting down and abandoning module AutomationController (134)
[2015.03.12-17.40.39:467][891]LogModuleManager: Shutting down and abandoning module AutomationWindow (133)
[2015.03.12-17.40.39:467][891]LogModuleManager: Shutting down and abandoning module Layers (132)
[2015.03.12-17.40.39:468][891]LogModuleManager: Shutting down and abandoning module ComponentVisualizers (131)
[2015.03.12-17.40.39:468][891]LogModuleManager: Shutting down and abandoning module DetailCustomizations (130)
[2015.03.12-17.40.39:468][891]LogModuleManager: Shutting down and abandoning module PackagesDialog (129)
[2015.03.12-17.40.39:468][891]LogModuleManager: Shutting down and abandoning module AssetRegistry (128)
[2015.03.12-17.40.39:549][891]LogModuleManager: Shutting down and abandoning module Persona (127)
[2015.03.12-17.40.39:550][891]LogModuleManager: Shutting down and abandoning module SlateReflector (126)
[2015.03.12-17.40.39:551][891]LogModuleManager: Shutting down and abandoning module LevelEditor (125)
[2015.03.12-17.40.39:551][891]LogModuleManager: Shutting down and abandoning module Kismet (124)
[2015.03.12-17.40.39:551][891]LogModuleManager: Shutting down and abandoning module GraphEditor (123)
[2015.03.12-17.40.39:551][891]LogModuleManager: Shutting down and abandoning module ClassViewer (122)
[2015.03.12-17.40.39:551][891]LogModuleManager: Shutting down and abandoning module Toolbox (121)
[2015.03.12-17.40.39:551][891]LogModuleManager: Shutting down and abandoning module ModuleUI (120)
[2015.03.12-17.40.39:551][891]LogModuleManager: Shutting down and abandoning module MovieSceneTools (119)
[2015.03.12-17.40.39:552][891]LogModuleManager: Shutting down and abandoning module OutputLog (118)
[2015.03.12-17.40.39:552][891]LogModuleManager: Shutting down and abandoning module GammaUI (117)
[2015.03.12-17.40.39:552][891]LogModuleManager: Shutting down and abandoning module Documentation (116)
[2015.03.12-17.40.39:552][891]LogModuleManager: Shutting down and abandoning module GameLiveStreaming (115)
[2015.03.12-17.40.39:552][891]LogModuleManager: Shutting down and abandoning module StreamingPauseRendering (114)
[2015.03.12-17.40.39:552][891]LogModuleManager: Shutting down and abandoning module HTTP (113)
[2015.03.12-17.40.39:553][891]LogModuleManager: Shutting down and abandoning module AnalyticsET (112)
[2015.03.12-17.40.39:553][891]LogModuleManager: Shutting down and abandoning module Analytics (111)
[2015.03.12-17.40.39:553][891]LogModuleManager: Shutting down and abandoning module AITestSuite (110)
[2015.03.12-17.40.39:553][891]LogModuleManager: Shutting down and abandoning module GameplayDebugger (109)
[2015.03.12-17.40.39:553][891]LogModuleManager: Shutting down and abandoning module AIModule (108)
[2015.03.12-17.40.39:553][891]LogModuleManager: Shutting down and abandoning module ProfilerService (107)
[2015.03.12-17.40.39:581][891]LogModuleManager: Shutting down and abandoning module TaskGraph (106)
[2015.03.12-17.40.39:581][891]LogModuleManager: Shutting down and abandoning module OceanPlugin (105)
[2015.03.12-17.40.39:581][891]LogModuleManager: Shutting down and abandoning module SlateRemote (104)
[2015.03.12-17.40.39:581][891]LogModuleManager: Shutting down and abandoning module ScriptEditorPlugin (103)
[2015.03.12-17.40.39:581][891]LogModuleManager: Shutting down and abandoning module CustomMeshComponent (102)
[2015.03.12-17.40.39:581][891]LogModuleManager: Shutting down and abandoning module CableComponent (101)
[2015.03.12-17.40.39:582][891]LogModuleManager: Shutting down and abandoning module MessagingDebugger (100)
[2015.03.12-17.40.39:583][891]LogModuleManager: Shutting down and abandoning module MediaPlayerEditor (99)
[2015.03.12-17.40.39:583][891]LogModuleManager: Shutting down and abandoning module SpeedTreeImporter (98)
[2015.03.12-17.40.39:583][891]LogModuleManager: Shutting down and abandoning module PluginsEditor (97)
[2015.03.12-17.40.39:583][891]LogModuleManager: Shutting down and abandoning module MainFrame (96)
[2015.03.12-17.40.39:583][891]LogModuleManager: Shutting down and abandoning module EpicSurvey (95)
[2015.03.12-17.40.39:583][891]LogModuleManager: Shutting down and abandoning module DesktopPlatform (94)
[2015.03.12-17.40.39:584][891]LogModuleManager: Shutting down and abandoning module DirectoryWatcher (93)
[2015.03.12-17.40.39:585][891]LogModuleManager: Shutting down and abandoning module HotReload (92)
[2015.03.12-17.40.39:585][891]LogModuleManager: Shutting down and abandoning module VisualStudioSourceCodeAccess (91)
[2015.03.12-17.40.39:585][891]LogModuleManager: Shutting down and abandoning module UObjectPlugin (90)
[2015.03.12-17.40.39:585][891]LogModuleManager: Shutting down and abandoning module SubversionSourceControl (89)
[2015.03.12-17.40.39:585][891]LogModuleManager: Shutting down and abandoning module PerforceSourceControl (88)
[2015.03.12-17.40.39:587][891]LogModuleManager: Shutting down and abandoning module SourceControl (87)
[2015.03.12-17.40.39:587][891]LogModuleManager: Shutting down and abandoning module GitSourceControl (86)
[2015.03.12-17.40.39:587][891]LogModuleManager: Shutting down and abandoning module BlankPlugin (85)
[2015.03.12-17.40.39:587][891]LogModuleManager: Shutting down and abandoning module PaperTiledImporter (84)
[2015.03.12-17.40.39:587][891]LogModuleManager: Shutting down and abandoning module PaperJsonImporter (83)
[2015.03.12-17.40.39:587][891]LogModuleManager: Shutting down and abandoning module ContentBrowser (82)
[2015.03.12-17.40.39:587][891]LogModuleManager: Shutting down and abandoning module Paper2DEditor (81)
[2015.03.12-17.40.39:588][891]LogModuleManager: Shutting down and abandoning module ScriptPlugin (80)
[2015.03.12-17.40.39:588][891]LogModuleManager: Shutting down and abandoning module UdpMessaging (79)
[2015.03.12-17.40.39:689][891]LogModuleManager: Shutting down and abandoning module Paper2D (78)
[2015.03.12-17.40.39:689][891]LogModuleManager: Shutting down and abandoning module WindowsMoviePlayer (77)
[2015.03.12-17.40.39:692][891]LogModuleManager: Shutting down and abandoning module Media (76)
[2015.03.12-17.40.39:692][891]LogModuleManager: Shutting down and abandoning module WmfMedia (75)
[2015.03.12-17.40.39:692][891]LogModuleManager: Shutting down and abandoning module OnlineBlueprintSupport (74)
[2015.03.12-17.40.39:692][891]LogModuleManager: Shutting down and abandoning module PropertyEditor (73)
[2015.03.12-17.40.39:692][891]LogModuleManager: Shutting down and abandoning module BehaviorTreeEditor (72)
[2015.03.12-17.40.39:693][891]LogModuleManager: Shutting down and abandoning module FunctionalTesting (71)
[2015.03.12-17.40.39:693][891]LogModuleManager: Shutting down and abandoning module CollisionAnalyzer (70)
[2015.03.12-17.40.39:694][891]LogModuleManager: Shutting down and abandoning module WorkspaceMenuStructure (69)
[2015.03.12-17.40.39:694][891]LogModuleManager: Shutting down and abandoning module MessageLog (68)
[2015.03.12-17.40.39:694][891]LogModuleManager: Shutting down and abandoning module Sequencer (67)
[2015.03.12-17.40.39:695][891]LogModuleManager: Shutting down and abandoning module AssetTools (66)
[2015.03.12-17.40.39:695][891]LogModuleManager: Shutting down and abandoning module UMGEditor (65)
[2015.03.12-17.40.39:696][891]LogModuleManager: Shutting down and abandoning module UMG (64)
[2015.03.12-17.40.39:696][891]LogModuleManager: Shutting down and abandoning module Slate (63)
[2015.03.12-17.40.39:696][891]LogModuleManager: Shutting down and abandoning module EditorStyle (62)
[2015.03.12-17.40.39:699][891]LogModuleManager: Shutting down and abandoning module SessionServices (61)
[2015.03.12-17.40.39:699][891]LogModuleManager: Shutting down and abandoning module SourceCodeAccess (60)
[2015.03.12-17.40.39:699][891]LogModuleManager: Shutting down and abandoning module HeadMountedDisplay (59)
[2015.03.12-17.40.39:699][891]LogModuleManager: Shutting down and abandoning module XAudio2 (58)
[2015.03.12-17.40.39:699][891]LogModuleManager: Shutting down and abandoning module Networking (56)
[2015.03.12-17.40.39:699][891]LogModuleManager: Shutting down and abandoning module Core (55)
[2015.03.12-17.40.39:699][891]LogModuleManager: Shutting down and abandoning module KismetCompiler (54)
[2015.03.12-17.40.39:699][891]LogModuleManager: Shutting down and abandoning module PhysXFormats (53)
[2015.03.12-17.40.39:699][891]LogModuleManager: Shutting down and abandoning module MeshUtilities (52)
[2015.03.12-17.40.39:700][891]LogModuleManager: Shutting down and abandoning module DerivedDataCache (51)
[2015.03.12-17.40.39:709][891]LogDerivedDataCache: Shutdown
[2015.03.12-17.40.39:709][891]LogModuleManager: Shutting down and abandoning module ShaderFormatOpenGL (50)
[2015.03.12-17.40.39:709][891]LogModuleManager: Shutting down and abandoning module ShaderFormatD3D (49)
[2015.03.12-17.40.39:709][891]LogModuleManager: Shutting down and abandoning module MetalShaderFormat (48)
[2015.03.12-17.40.39:710][891]LogModuleManager: Shutting down and abandoning module TextureFormatUncompressed (47)
[2015.03.12-17.40.39:710][891]LogModuleManager: Shutting down and abandoning module TextureFormatPVR (46)
[2015.03.12-17.40.39:710][891]LogModuleManager: Shutting down and abandoning module TextureFormatIntelISPCTexComp (45)
[2015.03.12-17.40.39:710][891]LogModuleManager: Shutting down and abandoning module TextureFormatDXT (44)
[2015.03.12-17.40.39:710][891]LogModuleManager: Shutting down and abandoning module ImageWrapper (43)
[2015.03.12-17.40.39:710][891]LogModuleManager: Shutting down and abandoning module TextureFormatASTC (42)
[2015.03.12-17.40.39:710][891]LogModuleManager: Shutting down and abandoning module TextureFormatAndroid (41)
[2015.03.12-17.40.39:710][891]LogModuleManager: Shutting down and abandoning module AudioFormatOpus (40)
[2015.03.12-17.40.39:710][891]LogModuleManager: Shutting down and abandoning module AudioFormatOgg (39)
[2015.03.12-17.40.39:710][891]LogModuleManager: Shutting down and abandoning module AudioFormatADPCM (38)
[2015.03.12-17.40.39:710][891]LogModuleManager: Shutting down and abandoning module LinuxTargetPlatform (37)
[2015.03.12-17.40.39:710][891]LogModuleManager: Shutting down and abandoning module LinuxServerTargetPlatform (36)
[2015.03.12-17.40.39:710][891]LogModuleManager: Shutting down and abandoning module LinuxNoEditorTargetPlatform (35)
[2015.03.12-17.40.39:710][891]LogModuleManager: Shutting down and abandoning module Messaging (34)
[2015.03.12-17.40.39:710][891]LogModuleManager: Shutting down and abandoning module IOSTargetPlatform (33)
[2015.03.12-17.40.39:710][891]LogModuleManager: Shutting down and abandoning module HTML5TargetPlatform (32)
[2015.03.12-17.40.39:710][891]LogModuleManager: Shutting down and abandoning module Android_PVRTCTargetPlatform (31)
[2015.03.12-17.40.39:710][891]LogModuleManager: Shutting down and abandoning module Android_ETC2TargetPlatform (30)
[2015.03.12-17.40.39:710][891]LogModuleManager: Shutting down and abandoning module Android_ETC1TargetPlatform (29)
[2015.03.12-17.40.39:710][891]LogModuleManager: Shutting down and abandoning module Android_ES31TargetPlatform (28)
[2015.03.12-17.40.39:710][891]LogModuleManager: Shutting down and abandoning module Android_DXTTargetPlatform (27)
[2015.03.12-17.40.39:710][891]LogModuleManager: Shutting down and abandoning module Android_ATCTargetPlatform (26)
[2015.03.12-17.40.39:710][891]LogModuleManager: Shutting down and abandoning module AndroidTargetPlatform (25)
[2015.03.12-17.40.39:710][891]LogModuleManager: Shutting down and abandoning module WindowsTargetPlatform (24)
[2015.03.12-17.40.39:710][891]LogModuleManager: Shutting down and abandoning module WindowsServerTargetPlatform (23)
[2015.03.12-17.40.39:710][891]LogModuleManager: Shutting down and abandoning module WindowsNoEditorTargetPlatform (22)
[2015.03.12-17.40.39:710][891]LogModuleManager: Shutting down and abandoning module WindowsClientTargetPlatform (21)
[2015.03.12-17.40.39:710][891]LogModuleManager: Shutting down and abandoning module TargetPlatform (20)
[2015.03.12-17.40.39:710][891]LogModuleManager: Shutting down and abandoning module InputCore (19)
[2015.03.12-17.40.39:710][891]LogModuleManager: Shutting down and abandoning module Settings (18)
[2015.03.12-17.40.39:710][891]LogModuleManager: Shutting down and abandoning module OnlineSubsystem (16)
[2015.03.12-17.40.39:710][891]LogModuleManager: Shutting down and abandoning module OculusRift (15)
[2015.03.12-17.40.39:710][891]LogModuleManager: Shutting down and abandoning module ExampleDeviceProfileSelector (14)
[2015.03.12-17.40.39:710][891]LogModuleManager: Shutting down and abandoning module TextureCompressor (13)
[2015.03.12-17.40.39:710][891]LogModuleManager: Shutting down and abandoning module ShaderCore (12)
[2015.03.12-17.40.39:710][891]LogModuleManager: Shutting down and abandoning module Landscape (11)
[2015.03.12-17.40.39:710][891]LogModuleManager: Shutting down and abandoning module SlateRHIRenderer (10)
[2015.03.12-17.40.39:714][891]LogModuleManager: Shutting down and abandoning module OpenGLDrv (9)
[2015.03.12-17.40.39:714][891]LogModuleManager: Shutting down and abandoning module D3D11RHI (8)
[2015.03.12-17.40.39:714][891]LogModuleManager: Shutting down and abandoning module Renderer (7)
[2015.03.12-17.40.39:714][891]LogModuleManager: Shutting down and abandoning module Engine (6)
[2015.03.12-17.40.39:714][891]LogModuleManager: Shutting down and abandoning module CoreUObject (5)
[2015.03.12-17.40.39:714][891]LogModuleManager: Shutting down and abandoning module NetworkFile (4)
[2015.03.12-17.40.39:715][891]LogModuleManager: Shutting down and abandoning module StreamingFile (3)
[2015.03.12-17.40.39:715][891]LogModuleManager: Shutting down and abandoning module SandboxFile (2)
[2015.03.12-17.40.39:715][891]LogModuleManager: Shutting down and abandoning module PakFile (1)
[2015.03.12-17.40.39:716][891]LogExit: Exiting.
[2015.03.12-17.40.39:719][891]Log file closed, 03/12/15 10:40:39
