Log file open, 03/11/15 12:16:43
LogInit:Display: Running engine for game: OceanDemo
LogInit: Version: 4.7.2-2467323+++depot+UE4-Releases+4.7
LogInit: API Version: 2455222
LogInit: Compiled (64-bit): Mar  2 2015 23:16:34
LogInit: Compiled with Visual C++: 18.00.21005.01
LogInit: Build Configuration: Development
LogInit: Branch Name: ++depot+UE4-Releases+4.7
LogInit: Command line:  
LogInit: Base directory: C:/Program Files/Unreal Engine/4.7/Engine/Binaries/Win64/
LogInit: Rocket: 1
[2015.03.11-19.16.43:082][  0]LogTaskGraph: Started task graph with 3 named threads and 6 total threads.
[2015.03.11-19.16.43:135][  0]LogOnline:Warning: No default platform service specified for OnlineSubsystem
[2015.03.11-19.16.43:144][  0]LogInit: Presizing for 0 objects not considered by GC, pre-allocating 0 bytes.
[2015.03.11-19.16.43:151][  0]LogInit: Object subsystem initialized
[2015.03.11-19.16.43:153][  0]LogConsoleResponse:Warning: Skipping Unknown console variable: 'TranslucentSortAxis = (X=0.000000,Y=-1.000000,Z=0.000000)'
[2015.03.11-19.16.43:153][  0]LogConsoleResponse:Warning:   Found in ini file 'G:/UE4/000_NEW/OceanDemo/Saved/Config/Windows/Engine.ini', in section '[/Script/Engine.RendererSettings]'
[2015.03.11-19.16.43:153][  0]LogConsoleResponse:Warning: Skipping Unknown console variable: 'UIScaleRule = ShortestSide'
[2015.03.11-19.16.43:153][  0]LogConsoleResponse:Warning:   Found in ini file 'G:/UE4/000_NEW/OceanDemo/Saved/Config/Windows/Engine.ini', in section '[/Script/Engine.RendererSettings]'
[2015.03.11-19.16.43:153][  0]LogConsoleResponse:Warning: Skipping Unknown console variable: 'UIScaleCurve = (EditorCurveData=(Keys=),ExternalCurve=None)'
[2015.03.11-19.16.43:153][  0]LogConsoleResponse:Warning:   Found in ini file 'G:/UE4/000_NEW/OceanDemo/Saved/Config/Windows/Engine.ini', in section '[/Script/Engine.RendererSettings]'
[2015.03.11-19.16.43:153][  0]LogInit: Selected Device Profile: [Windows]
[2015.03.11-19.16.43:153][  0]LogInit: Applying CVar settings loaded from the selected device profile: [Windows]
[2015.03.11-19.16.43:156][  0]LogInit: Computer: DC001FS01
[2015.03.11-19.16.43:156][  0]LogInit: User: Cam
[2015.03.11-19.16.43:156][  0]LogInit: CPU Page size=4096, Cores=4
[2015.03.11-19.16.43:156][  0]LogInit: High frequency timer resolution =3.326082 MHz
[2015.03.11-19.16.43:157][  0]LogMemory: Memory total: Physical=7.9GB (8GB approx) Virtual=131072.0GB
[2015.03.11-19.16.43:157][  0]LogMemory: Platform Memory Stats for Windows
[2015.03.11-19.16.43:157][  0]LogMemory: Process Physical Memory: 45.46 MB used, 45.46 MB peak
[2015.03.11-19.16.43:157][  0]LogMemory: Process Virtual Memory: 24.34 MB used, 24.34 MB peak
[2015.03.11-19.16.43:157][  0]LogMemory: Physical Memory: 3970.36 MB used, 8129.73 MB total
[2015.03.11-19.16.43:157][  0]LogMemory: Virtual Memory: 283.64 MB used, 134217728.00 MB total
[2015.03.11-19.16.43:181][  0]LogD3D11RHI: Found D3D11 adapter 0: NVIDIA GeForce GTX 980 (Feature Level 11_0)
[2015.03.11-19.16.43:181][  0]LogD3D11RHI: Adapter has 3956MB of dedicated video memory, 0MB of dedicated system memory, and 4064MB of shared system memory, 2 output[s]
[2015.03.11-19.16.43:182][  0]LogD3D11RHI: Found D3D11 adapter 1: Microsoft Basic Render Driver (Feature Level 11_0)
[2015.03.11-19.16.43:182][  0]LogD3D11RHI: Adapter has 0MB of dedicated video memory, 0MB of dedicated system memory, and 256MB of shared system memory, 0 output[s]
[2015.03.11-19.16.43:182][  0]LogD3D11RHI: Chosen D3D11 Adapter Id = 0
[2015.03.11-19.16.43:185][  0]LogRHI: Texture pool is 1361 MB (70% of 1945 MB)
[2015.03.11-19.16.43:194][  0]LogD3D11RHI: Async texture creation enabled
[2015.03.11-19.16.43:247][  0]LogTextLocalizationManager: The requested culture ('en_US') has no localization data; parent culture's ('en') localization data will be used.
[2015.03.11-19.16.43:349][  0]LogContentStreaming: Texture pool size is 0.000000MB
[2015.03.11-19.16.45:049][  0]LogTargetPlatformManager:Display: Building Assets For Windows
[2015.03.11-19.16.45:430][  0]LogTargetPlatformManager:Display: Building Assets For Windows
[2015.03.11-19.16.45:477][  0]LogDerivedDataCache:Display: Max Cache Size: 512 MB
[2015.03.11-19.16.45:509][  0]LogDerivedDataCache: Loaded boot cache 0.03s 39MB C:/Users/Cam/AppData/Local/UnrealEngine/4.7/DerivedDataCache/Boot.ddc.
[2015.03.11-19.16.45:509][  0]LogDerivedDataCache:Display: Loaded Boot cache: C:/Users/Cam/AppData/Local/UnrealEngine/4.7/DerivedDataCache/Boot.ddc
[2015.03.11-19.16.45:509][  0]LogDerivedDataCache: FDerivedDataBackendGraph:  Pak pak cache file G:/UE4/000_NEW/OceanDemo/DerivedDataCache/DDC.ddp not found, will not use a pak cache.
[2015.03.11-19.16.45:509][  0]LogDerivedDataCache: Unable to find inner node Pak for hierarchical cache Hierarchy.
[2015.03.11-19.16.45:599][  0]LogDerivedDataCache:Display: Pak cache opened for reading ../../../Engine/DerivedDataCache/Compressed.ddp.
[2015.03.11-19.16.45:611][  0]LogDerivedDataCache: Using Local data cache path C:/Users/Cam/AppData/Local/UnrealEngine/Common/DerivedDataCache: Writable
[2015.03.11-19.16.45:815][  0]LogMeshUtilities: No automatic mesh reduction module available
[2015.03.11-19.16.45:815][  0]LogMeshUtilities: No automatic mesh merging module available
[2015.03.11-19.16.46:106][  0]LogInit: WinSock: version 1.1 (2.2), MaxSocks=32767, MaxUdp=65467
[2015.03.11-19.16.46:163][  0]LogSlate:Warning: Failed to load font data from '../../../Engine/Content/Slate/Fonts/Roboto-Italic.ttf'
[2015.03.11-19.16.46:750][  0]UdpMessaging: Initializing bridge on interface 0.0.0.0:0 to multicast group 230.0.0.1:6666.
[2015.03.11-19.16.46:909][  0]SourceControl: Info Source control is disabled
[2015.03.11-19.16.46:909][  0]SourceControl: Info Source control is disabled
[2015.03.11-19.16.46:909][  0]SourceControl: Info Source control is disabled
[2015.03.11-19.16.46:909][  0]LogSourceControl: RunCommandInternalRaw: 'git version'
[2015.03.11-19.16.46:909][  0]LogSourceControl: RunCommandInternalRaw: ExecProcess ReturnCode=2 OutResults=''
[2015.03.11-19.16.46:916][  0]SourceControl: Info Source control is disabled
[2015.03.11-19.16.47:059][  0]LogObj: 24265 objects as part of root set at end of initial load.
[2015.03.11-19.16.47:059][  0]LogUObjectAllocator: 5143328 out of 0 bytes used by permanent object pool.
[2015.03.11-19.16.47:124][  0]LogEngine: Initializing Engine...
[2015.03.11-19.16.49:242][  0]LogInit: XAudio2 using 'Headphones (2- High Definition Audio Device)' : 2 channels at 44.1 kHz using 16 bits per sample (channel mask 0x3)
[2015.03.11-19.16.49:248][  0]LogInit: FAudioDevice initialized.
[2015.03.11-19.16.49:277][  0]LogAIModule: Creating AISystem for world NewWorld
[2015.03.11-19.16.49:293][  0]LogDerivedDataCache: Saved boot cache 0.02s 39MB C:/Users/Cam/AppData/Local/UnrealEngine/4.7/DerivedDataCache/Boot.ddc.
[2015.03.11-19.16.49:297][  0]LogInit: Texture streaming: Enabled
[2015.03.11-19.16.49:362][  0]LogAnalytics: Creating configured Analytics provider AnalyticsET
[2015.03.11-19.16.49:362][  0]LogAnalytics: ET APIKey = Rocket.Release. APIServer = http://et2.epicgames.com/ET2/. AppVersion = 4.7.2-2467323+++depot+UE4-Releases+4.7
[2015.03.11-19.16.49:362][  0]LogAnalytics: ET APIKey = Rocket.Release. DataRouterUploadURL = https://datarouter-public-service-gamedev.ol.epicgames.net/datarouter/api/v1/public/data. AppVersion = 4.7.2-2467323+++depot+UE4-Releases+4.7
[2015.03.11-19.16.49:362][  0]LogAnalytics: SetUserId c5a057ad49f9ac4dc833ac94c9332095|352d37c0721b4600adaff228a81af087|0f244d3b-a1b2-4b29-a584-55cdca381944
[2015.03.11-19.16.49:363][  0]LogAnalytics: AnalyticsET::StartSession [Rocket.Release]
[2015.03.11-19.16.49:381][  0]LogInit: Transaction tracking system initialized
[2015.03.11-19.16.49:510][  0]BlueprintLog: New page: Editor Load
[2015.03.11-19.16.49:539][  0]LogAssetRegistry: FAssetRegistry took 0.0109 seconds to start up
[2015.03.11-19.16.49:539][  0]LogDirectoryWatcher:Warning: Failed to begin reading directory changes for ../../../Engine/Plugins/Experimental/CharacterAI/Content/. Error: 0
[2015.03.11-19.16.49:539][  0]LogDirectoryWatcher:Warning: Failed to begin reading directory changes for G:/UE4/000_NEW/OceanDemo/Plugins/OceanPlugin/Content/. Error: 0
[2015.03.11-19.16.49:933][  0]LogTargetPlatformManager:Display: Building Assets For Windows
[2015.03.11-19.16.50:199][  0]LogTargetPlatformManager:Display: Building Assets For Windows
[2015.03.11-19.16.50:409][  0]LogSlate:Warning: Failed to load font data from '../../../Engine/Content/Editor/Slate/Fonts/Roboto-Regular.ttf'
[2015.03.11-19.16.50:409][  0]LogSlate:Warning: Failed to load font data from '../../../Engine/Content/Editor/Slate/Fonts/Roboto-Bold.ttf'
[2015.03.11-19.16.50:412][  0]LogConsoleResponse:Display: 
[2015.03.11-19.16.50:500][  0]LogCook:Display: Done creating registry. It took  0.00s.
[2015.03.11-19.16.50:607][  0]SourceControl: Info Source control is disabled
[2015.03.11-19.16.50:607][  0]Cmd: MAP LOAD FILE="../../../Engine/Content/Maps/Templates/Template_Default.umap" TEMPLATE=1 SHOWPROGRESS=1 FEATURELEVEL=3
[2015.03.11-19.16.50:608][  0]LightingResults: New page: Lighting Build
[2015.03.11-19.16.50:617][  0]MapCheck: New page: Map Check
[2015.03.11-19.16.50:617][  0]LightingResults: New page: Lighting Build
[2015.03.11-19.16.50:623][  0]LogParticles: Destroying 0 GPU particle simulations for FXSystem 0x000000AC2B3385E0
[2015.03.11-19.16.51:067][  0]LogEditorServer: Finished looking for orphan Actors (0.000 secs)
[2015.03.11-19.16.51:067][  0]LogAIModule: Creating AISystem for world Untitled_1
[2015.03.11-19.16.51:067][  0]Cmd: MAP CHECKDEP
[2015.03.11-19.16.51:067][  0]MapCheck: New page: Untitled_1 - Mar 11, 2015, 5:16:51 AM
[2015.03.11-19.16.51:124][  0]MapCheck: Info Map check complete: 0 Error(s), 0 Warning(s), took 56.425ms to complete.
[2015.03.11-19.16.51:124][  0]LogFileHelpers: Loading map 'Template_Default' took 0.517
[2015.03.11-19.16.51:269][  0]LogCrashTracker: Crashtracker disabled due to settings.
[2015.03.11-19.16.51:270][  0]LogSlate:Warning: Failed to load font data from 'Veranda'
[2015.03.11-19.16.51:287][  0]LogCollectionManager: Loaded 0 collections in 0.001422 seconds
[2015.03.11-19.16.51:295][  0]LogContentBrowser: Native class hierarchy populated in 0.0072 seconds. Added 1699 classes and 266 folders.
[2015.03.11-19.16.51:313][  0]LogContentBrowser:Verbose: The content browser source was changed by the sources view to '/Game'
[2015.03.11-19.16.51:318][  0]LogUObjectGlobals:Warning: Failed to find object 'Class None.'
[2015.03.11-19.16.51:341][  0]LogLoad: Full Startup: 9.86 seconds (BP compile: 0.06 seconds)
[2015.03.11-19.16.51:819][  0]LogRenderer:Warning: Reallocating scene render targets to support 1528x1000 (Frame:2).
[2015.03.11-19.16.52:359][  2]LogAssetRegistry: Asset discovery search completed in 2.8316 seconds
[2015.03.11-19.16.58:097][133]LogContentBrowser:Verbose: The content browser source was changed by the sources view to '/Classes_OceanPlugin/OceanPlugin'
[2015.03.11-19.17.00:890][465]LogContentBrowser:Verbose: The content browser source was changed by the sources view to '/Classes_OceanPlugin/OceanPlugin/Classes'
[2015.03.11-19.17.24:057][241]LogContentBrowser:Verbose: The content browser source was changed by the sources view to '/Game'
[2015.03.11-19.17.53:140][690]LogContentBrowser:Verbose: The content browser source was changed by the sources view to '/Game'
[2015.03.11-19.18.03:564][903]Cmd: OBJ SAVEPACKAGE PACKAGE="/Game/Maps/DC_OceanDemo" FILE="G:/UE4/000_NEW/OceanDemo/Content/Maps/DC_OceanDemo.umap" SILENT=true AUTOSAVING=false KEEPDIRTY=false
[2015.03.11-19.18.03:587][903]LogSavePackage: Save=10.631127ms
[2015.03.11-19.18.03:587][903]LogSavePackage: Moving 'G:/UE4/000_NEW/OceanDemo/Saved/DC_OceanDemo8E20915B4575E736DD7E42AD65516BF4.tmp' to 'G:/UE4/000_NEW/OceanDemo/Content/Maps/DC_OceanDemo.umap'
[2015.03.11-19.18.03:589][903]LogFileHelpers: Saving map 'DC_OceanDemo' took 0.085
[2015.03.11-19.18.07:923][400]LogContentBrowser:Verbose: The content browser source was changed by the sources view to '/Game'
[2015.03.11-19.18.12:313][921]LogContentBrowser:Verbose: The content browser source was changed by the sources view to '/Game'
[2015.03.11-19.18.18:293][638]LogContentBrowser:Verbose: The content browser source was changed by the sources view to '/Game/Ocean'
[2015.03.11-19.18.58:174][901]LogContentBrowser:Verbose: The content browser source was changed by the sources view to '/Game/Maps'
[2015.03.11-19.18.59:528][ 58]Cmd: MAP LOAD FILE="G:/UE4/000_NEW/OceanDemo/Content/Maps/DC_OceanDemo.umap" TEMPLATE=0 SHOWPROGRESS=1 FEATURELEVEL=3
[2015.03.11-19.18.59:528][ 58]LightingResults: New page: Lighting Build
[2015.03.11-19.18.59:548][ 58]LoadErrors: New page: Loading map: DC_OceanDemo.umap
[2015.03.11-19.18.59:548][ 58]MapCheck: New page: Map Check
[2015.03.11-19.18.59:548][ 58]LightingResults: New page: Lighting Build
[2015.03.11-19.18.59:554][ 58]LogParticles: Destroying 0 GPU particle simulations for FXSystem 0x000000AC26D1A520
[2015.03.11-19.18.59:557][ 58]LogEditorServer: Finished looking for orphan Actors (0.000 secs)
[2015.03.11-19.18.59:557][ 58]LogAIModule: Creating AISystem for world DC_OceanDemo
[2015.03.11-19.18.59:571][ 58]Cmd: MAP CHECKDEP
[2015.03.11-19.18.59:571][ 58]MapCheck: New page: DC_OceanDemo - Mar 11, 2015, 5:18:59 AM
[2015.03.11-19.18.59:629][ 58]MapCheck: Info Map check complete: 0 Error(s), 0 Warning(s), took 58.201ms to complete.
[2015.03.11-19.18.59:630][ 58]LogFileHelpers: Loading map 'DC_OceanDemo' took 0.103
[2015.03.11-19.19.10:237][253]BlueprintLog: New page: Compile DC_OceanDemo
[2015.03.11-19.19.10:280][253]BlueprintEditorCompileResults: Info [0148.80] Compile of DC_OceanDemo successful! [in 42 ms]
[2015.03.11-19.19.13:277][610]LogParticles: Destroying 0 GPU particle simulations for FXSystem 0x000000AC20F720C0
[2015.03.11-19.19.13:392][610]Cmd: OBJ SAVEPACKAGE PACKAGE="/Game/Maps/DC_OceanDemo" FILE="G:/UE4/000_NEW/OceanDemo/Content/Maps/DC_OceanDemo.umap" SILENT=true AUTOSAVING=false KEEPDIRTY=false
[2015.03.11-19.19.13:450][610]LogSavePackage: Save=40.679092ms
[2015.03.11-19.19.13:450][610]LogSavePackage: Moving 'G:/UE4/000_NEW/OceanDemo/Saved/DC_OceanDemo5BBF44304F40EBF4B12FD1802D537FC3.tmp' to 'G:/UE4/000_NEW/OceanDemo/Content/Maps/DC_OceanDemo.umap'
[2015.03.11-19.19.13:462][610]LogFileHelpers: Saving map 'DC_OceanDemo' took 0.132
[2015.03.11-19.19.15:227][787]Cmd: QUIT_EDITOR
[2015.03.11-19.19.15:384][787]LogExit: Preparing to exit.
[2015.03.11-19.19.15:926][787]LogExit: Editor shut down
[2015.03.11-19.19.15:926][787]LogExit: Transaction tracking system shut down
[2015.03.11-19.19.15:927][787]LogParticles: Destroying 0 GPU particle simulations for FXSystem 0x000000AC240D44A0
[2015.03.11-19.19.15:927][787]LogParticles: Destroying 0 GPU particle simulations for FXSystem 0x000000AC2B9F4360
[2015.03.11-19.19.15:978][787]LogParticles: Destroying 0 GPU particle simulations for FXSystem 0x000000AC23903D80
[2015.03.11-19.19.15:978][787]LogExit: Object subsystem successfully closed.
[2015.03.11-19.19.16:015][787]LogModuleManager: Shutting down and abandoning module ExternalImagePicker (179)
[2015.03.11-19.19.16:015][787]LogModuleManager: Shutting down and abandoning module EditorWidgets (178)
[2015.03.11-19.19.16:015][787]LogModuleManager: Shutting down and abandoning module CollectionManager (177)
[2015.03.11-19.19.16:015][787]LogModuleManager: Shutting down and abandoning module CrashTracker (176)
[2015.03.11-19.19.16:015][787]LogModuleManager: Shutting down and abandoning module SuperSearch (175)
[2015.03.11-19.19.16:015][787]LogModuleManager: Shutting down and abandoning module SceneOutliner (174)
[2015.03.11-19.19.16:015][787]LogModuleManager: Shutting down and abandoning module StatsViewer (173)
[2015.03.11-19.19.16:015][787]LogModuleManager: Shutting down and abandoning module FoliageEdit (172)
[2015.03.11-19.19.16:015][787]LogModuleManager: Shutting down and abandoning module LandscapeEditor (171)
[2015.03.11-19.19.16:015][787]LogModuleManager: Shutting down and abandoning module MeshPaint (170)
[2015.03.11-19.19.16:015][787]LogModuleManager: Shutting down and abandoning module ActorPickerMode (169)
[2015.03.11-19.19.16:015][787]LogModuleManager: Shutting down and abandoning module GeometryMode (168)
[2015.03.11-19.19.16:015][787]LogModuleManager: Shutting down and abandoning module TextureAlignMode (167)
[2015.03.11-19.19.16:015][787]LogModuleManager: Shutting down and abandoning module BspMode (166)
[2015.03.11-19.19.16:015][787]LogModuleManager: Shutting down and abandoning module PlacementMode (165)
[2015.03.11-19.19.16:015][787]LogModuleManager: Shutting down and abandoning module AutomationWorker (164)
[2015.03.11-19.19.16:015][787]LogModuleManager: Shutting down and abandoning module CharacterAI (163)
[2015.03.11-19.19.16:015][787]LogModuleManager: Shutting down and abandoning module SmartSnapping (162)
[2015.03.11-19.19.16:015][787]LogModuleManager: Shutting down and abandoning module ViewportSnapping (161)
[2015.03.11-19.19.16:015][787]LogModuleManager: Shutting down and abandoning module LogVisualizer (160)
[2015.03.11-19.19.16:015][787]LogModuleManager: Shutting down and abandoning module GameProjectGeneration (159)
[2015.03.11-19.19.16:015][787]LogModuleManager: Shutting down and abandoning module IntroTutorials (158)
[2015.03.11-19.19.16:015][787]LogModuleManager: Shutting down and abandoning module EditorLiveStreaming (157)
[2015.03.11-19.19.16:015][787]LogModuleManager: Shutting down and abandoning module HardwareTargeting (156)
[2015.03.11-19.19.16:015][787]LogModuleManager: Shutting down and abandoning module DeviceProfileEditor (155)
[2015.03.11-19.19.16:015][787]LogModuleManager: Shutting down and abandoning module UndoHistory (154)
[2015.03.11-19.19.16:015][787]LogModuleManager: Shutting down and abandoning module GameplayTagsEditor (153)
[2015.03.11-19.19.16:015][787]LogModuleManager: Shutting down and abandoning module UserFeedback (152)
[2015.03.11-19.19.16:015][787]LogModuleManager: Shutting down and abandoning module XmlParser (151)
[2015.03.11-19.19.16:015][787]LogModuleManager: Shutting down and abandoning module Blutility (150)
[2015.03.11-19.19.16:015][787]LogModuleManager: Shutting down and abandoning module IOSPlatformEditor (149)
[2015.03.11-19.19.16:015][787]LogModuleManager: Shutting down and abandoning module IOSRuntimeSettings (148)
[2015.03.11-19.19.16:015][787]LogModuleManager: Shutting down and abandoning module AndroidDeviceDetection (147)
[2015.03.11-19.19.16:327][787]LogModuleManager: Shutting down and abandoning module AndroidPlatformEditor (146)
[2015.03.11-19.19.16:327][787]LogModuleManager: Shutting down and abandoning module AndroidRuntimeSettings (145)
[2015.03.11-19.19.16:327][787]LogModuleManager: Shutting down and abandoning module ProjectTargetPlatformEditor (144)
[2015.03.11-19.19.16:327][787]LogModuleManager: Shutting down and abandoning module ProjectSettingsViewer (143)
[2015.03.11-19.19.16:327][787]LogModuleManager: Shutting down and abandoning module InputBindingEditor (142)
[2015.03.11-19.19.16:327][787]LogModuleManager: Shutting down and abandoning module EditorSettingsViewer (141)
[2015.03.11-19.19.16:327][787]LogModuleManager: Shutting down and abandoning module SettingsEditor (140)
[2015.03.11-19.19.16:327][787]LogModuleManager: Shutting down and abandoning module ProjectLauncher (139)
[2015.03.11-19.19.16:327][787]LogModuleManager: Shutting down and abandoning module SessionFrontend (138)
[2015.03.11-19.19.16:327][787]LogModuleManager: Shutting down and abandoning module ProfilerClient (137)
[2015.03.11-19.19.16:327][787]LogModuleManager: Shutting down and abandoning module TargetDeviceServices (136)
[2015.03.11-19.19.16:327][787]LogModuleManager: Shutting down and abandoning module DeviceManager (135)
[2015.03.11-19.19.16:327][787]LogModuleManager: Shutting down and abandoning module AutomationController (134)
[2015.03.11-19.19.16:327][787]LogModuleManager: Shutting down and abandoning module AutomationWindow (133)
[2015.03.11-19.19.16:327][787]LogModuleManager: Shutting down and abandoning module Layers (132)
[2015.03.11-19.19.16:327][787]LogModuleManager: Shutting down and abandoning module ComponentVisualizers (131)
[2015.03.11-19.19.16:327][787]LogModuleManager: Shutting down and abandoning module DetailCustomizations (130)
[2015.03.11-19.19.16:327][787]LogModuleManager: Shutting down and abandoning module PackagesDialog (129)
[2015.03.11-19.19.16:327][787]LogModuleManager: Shutting down and abandoning module AssetRegistry (128)
[2015.03.11-19.19.16:348][787]LogModuleManager: Shutting down and abandoning module Persona (127)
[2015.03.11-19.19.16:348][787]LogModuleManager: Shutting down and abandoning module SlateReflector (126)
[2015.03.11-19.19.16:348][787]LogModuleManager: Shutting down and abandoning module LevelEditor (125)
[2015.03.11-19.19.16:349][787]LogModuleManager: Shutting down and abandoning module Kismet (124)
[2015.03.11-19.19.16:349][787]LogModuleManager: Shutting down and abandoning module GraphEditor (123)
[2015.03.11-19.19.16:349][787]LogModuleManager: Shutting down and abandoning module ClassViewer (122)
[2015.03.11-19.19.16:349][787]LogModuleManager: Shutting down and abandoning module Toolbox (121)
[2015.03.11-19.19.16:349][787]LogModuleManager: Shutting down and abandoning module ModuleUI (120)
[2015.03.11-19.19.16:349][787]LogModuleManager: Shutting down and abandoning module MovieSceneTools (119)
[2015.03.11-19.19.16:349][787]LogModuleManager: Shutting down and abandoning module OutputLog (118)
[2015.03.11-19.19.16:349][787]LogModuleManager: Shutting down and abandoning module GammaUI (117)
[2015.03.11-19.19.16:349][787]LogModuleManager: Shutting down and abandoning module Documentation (116)
[2015.03.11-19.19.16:349][787]LogModuleManager: Shutting down and abandoning module GameLiveStreaming (115)
[2015.03.11-19.19.16:349][787]LogModuleManager: Shutting down and abandoning module StreamingPauseRendering (114)
[2015.03.11-19.19.16:349][787]LogModuleManager: Shutting down and abandoning module HTTP (113)
[2015.03.11-19.19.16:349][787]LogModuleManager: Shutting down and abandoning module AnalyticsET (112)
[2015.03.11-19.19.16:349][787]LogModuleManager: Shutting down and abandoning module Analytics (111)
[2015.03.11-19.19.16:349][787]LogModuleManager: Shutting down and abandoning module AITestSuite (110)
[2015.03.11-19.19.16:349][787]LogModuleManager: Shutting down and abandoning module GameplayDebugger (109)
[2015.03.11-19.19.16:349][787]LogModuleManager: Shutting down and abandoning module AIModule (108)
[2015.03.11-19.19.16:349][787]LogModuleManager: Shutting down and abandoning module ProfilerService (107)
[2015.03.11-19.19.16:573][787]LogModuleManager: Shutting down and abandoning module TaskGraph (106)
[2015.03.11-19.19.16:573][787]LogModuleManager: Shutting down and abandoning module OceanPlugin (105)
[2015.03.11-19.19.16:573][787]LogModuleManager: Shutting down and abandoning module SlateRemote (104)
[2015.03.11-19.19.16:573][787]LogModuleManager: Shutting down and abandoning module ScriptEditorPlugin (103)
[2015.03.11-19.19.16:573][787]LogModuleManager: Shutting down and abandoning module CustomMeshComponent (102)
[2015.03.11-19.19.16:573][787]LogModuleManager: Shutting down and abandoning module CableComponent (101)
[2015.03.11-19.19.16:573][787]LogModuleManager: Shutting down and abandoning module MessagingDebugger (100)
[2015.03.11-19.19.16:573][787]LogModuleManager: Shutting down and abandoning module MediaPlayerEditor (99)
[2015.03.11-19.19.16:573][787]LogModuleManager: Shutting down and abandoning module SpeedTreeImporter (98)
[2015.03.11-19.19.16:573][787]LogModuleManager: Shutting down and abandoning module PluginsEditor (97)
[2015.03.11-19.19.16:573][787]LogModuleManager: Shutting down and abandoning module MainFrame (96)
[2015.03.11-19.19.16:573][787]LogModuleManager: Shutting down and abandoning module EpicSurvey (95)
[2015.03.11-19.19.16:573][787]LogModuleManager: Shutting down and abandoning module DesktopPlatform (94)
[2015.03.11-19.19.16:573][787]LogModuleManager: Shutting down and abandoning module DirectoryWatcher (93)
[2015.03.11-19.19.16:573][787]LogModuleManager: Shutting down and abandoning module HotReload (92)
[2015.03.11-19.19.16:573][787]LogModuleManager: Shutting down and abandoning module VisualStudioSourceCodeAccess (91)
[2015.03.11-19.19.16:573][787]LogModuleManager: Shutting down and abandoning module UObjectPlugin (90)
[2015.03.11-19.19.16:573][787]LogModuleManager: Shutting down and abandoning module SubversionSourceControl (89)
[2015.03.11-19.19.16:573][787]LogModuleManager: Shutting down and abandoning module PerforceSourceControl (88)
[2015.03.11-19.19.16:573][787]LogModuleManager: Shutting down and abandoning module SourceControl (87)
[2015.03.11-19.19.16:573][787]LogModuleManager: Shutting down and abandoning module GitSourceControl (86)
[2015.03.11-19.19.16:573][787]LogModuleManager: Shutting down and abandoning module BlankPlugin (85)
[2015.03.11-19.19.16:573][787]LogModuleManager: Shutting down and abandoning module PaperTiledImporter (84)
[2015.03.11-19.19.16:573][787]LogModuleManager: Shutting down and abandoning module PaperJsonImporter (83)
[2015.03.11-19.19.16:573][787]LogModuleManager: Shutting down and abandoning module ContentBrowser (82)
[2015.03.11-19.19.16:574][787]LogModuleManager: Shutting down and abandoning module Paper2DEditor (81)
[2015.03.11-19.19.16:574][787]LogModuleManager: Shutting down and abandoning module ScriptPlugin (80)
[2015.03.11-19.19.16:574][787]LogModuleManager: Shutting down and abandoning module UdpMessaging (79)
[2015.03.11-19.19.16:674][787]LogModuleManager: Shutting down and abandoning module Paper2D (78)
[2015.03.11-19.19.16:674][787]LogModuleManager: Shutting down and abandoning module WindowsMoviePlayer (77)
[2015.03.11-19.19.16:675][787]LogModuleManager: Shutting down and abandoning module Media (76)
[2015.03.11-19.19.16:675][787]LogModuleManager: Shutting down and abandoning module WmfMedia (75)
[2015.03.11-19.19.16:676][787]LogModuleManager: Shutting down and abandoning module OnlineBlueprintSupport (74)
[2015.03.11-19.19.16:676][787]LogModuleManager: Shutting down and abandoning module PropertyEditor (73)
[2015.03.11-19.19.16:676][787]LogModuleManager: Shutting down and abandoning module BehaviorTreeEditor (72)
[2015.03.11-19.19.16:676][787]LogModuleManager: Shutting down and abandoning module FunctionalTesting (71)
[2015.03.11-19.19.16:676][787]LogModuleManager: Shutting down and abandoning module CollisionAnalyzer (70)
[2015.03.11-19.19.16:676][787]LogModuleManager: Shutting down and abandoning module WorkspaceMenuStructure (69)
[2015.03.11-19.19.16:676][787]LogModuleManager: Shutting down and abandoning module MessageLog (68)
[2015.03.11-19.19.16:676][787]LogModuleManager: Shutting down and abandoning module Sequencer (67)
[2015.03.11-19.19.16:676][787]LogModuleManager: Shutting down and abandoning module AssetTools (66)
[2015.03.11-19.19.16:676][787]LogModuleManager: Shutting down and abandoning module UMGEditor (65)
[2015.03.11-19.19.16:676][787]LogModuleManager: Shutting down and abandoning module UMG (64)
[2015.03.11-19.19.16:676][787]LogModuleManager: Shutting down and abandoning module Slate (63)
[2015.03.11-19.19.16:676][787]LogModuleManager: Shutting down and abandoning module EditorStyle (62)
[2015.03.11-19.19.16:678][787]LogModuleManager: Shutting down and abandoning module SessionServices (61)
[2015.03.11-19.19.16:678][787]LogModuleManager: Shutting down and abandoning module SourceCodeAccess (60)
[2015.03.11-19.19.16:678][787]LogModuleManager: Shutting down and abandoning module HeadMountedDisplay (59)
[2015.03.11-19.19.16:678][787]LogModuleManager: Shutting down and abandoning module XAudio2 (58)
[2015.03.11-19.19.16:678][787]LogModuleManager: Shutting down and abandoning module Networking (56)
[2015.03.11-19.19.16:678][787]LogModuleManager: Shutting down and abandoning module Core (55)
[2015.03.11-19.19.16:678][787]LogModuleManager: Shutting down and abandoning module KismetCompiler (54)
[2015.03.11-19.19.16:678][787]LogModuleManager: Shutting down and abandoning module PhysXFormats (53)
[2015.03.11-19.19.16:678][787]LogModuleManager: Shutting down and abandoning module MeshUtilities (52)
[2015.03.11-19.19.16:678][787]LogModuleManager: Shutting down and abandoning module DerivedDataCache (51)
[2015.03.11-19.19.16:742][787]LogDerivedDataCache: Shutdown
[2015.03.11-19.19.16:742][787]LogModuleManager: Shutting down and abandoning module ShaderFormatOpenGL (50)
[2015.03.11-19.19.16:742][787]LogModuleManager: Shutting down and abandoning module ShaderFormatD3D (49)
[2015.03.11-19.19.16:742][787]LogModuleManager: Shutting down and abandoning module MetalShaderFormat (48)
[2015.03.11-19.19.16:742][787]LogModuleManager: Shutting down and abandoning module TextureFormatUncompressed (47)
[2015.03.11-19.19.16:742][787]LogModuleManager: Shutting down and abandoning module TextureFormatPVR (46)
[2015.03.11-19.19.16:742][787]LogModuleManager: Shutting down and abandoning module TextureFormatIntelISPCTexComp (45)
[2015.03.11-19.19.16:742][787]LogModuleManager: Shutting down and abandoning module TextureFormatDXT (44)
[2015.03.11-19.19.16:742][787]LogModuleManager: Shutting down and abandoning module ImageWrapper (43)
[2015.03.11-19.19.16:742][787]LogModuleManager: Shutting down and abandoning module TextureFormatASTC (42)
[2015.03.11-19.19.16:742][787]LogModuleManager: Shutting down and abandoning module TextureFormatAndroid (41)
[2015.03.11-19.19.16:742][787]LogModuleManager: Shutting down and abandoning module AudioFormatOpus (40)
[2015.03.11-19.19.16:742][787]LogModuleManager: Shutting down and abandoning module AudioFormatOgg (39)
[2015.03.11-19.19.16:742][787]LogModuleManager: Shutting down and abandoning module AudioFormatADPCM (38)
[2015.03.11-19.19.16:742][787]LogModuleManager: Shutting down and abandoning module LinuxTargetPlatform (37)
[2015.03.11-19.19.16:742][787]LogModuleManager: Shutting down and abandoning module LinuxServerTargetPlatform (36)
[2015.03.11-19.19.16:742][787]LogModuleManager: Shutting down and abandoning module LinuxNoEditorTargetPlatform (35)
[2015.03.11-19.19.16:742][787]LogModuleManager: Shutting down and abandoning module Messaging (34)
[2015.03.11-19.19.16:742][787]LogModuleManager: Shutting down and abandoning module IOSTargetPlatform (33)
[2015.03.11-19.19.16:742][787]LogModuleManager: Shutting down and abandoning module HTML5TargetPlatform (32)
[2015.03.11-19.19.16:742][787]LogModuleManager: Shutting down and abandoning module Android_PVRTCTargetPlatform (31)
[2015.03.11-19.19.16:742][787]LogModuleManager: Shutting down and abandoning module Android_ETC2TargetPlatform (30)
[2015.03.11-19.19.16:742][787]LogModuleManager: Shutting down and abandoning module Android_ETC1TargetPlatform (29)
[2015.03.11-19.19.16:742][787]LogModuleManager: Shutting down and abandoning module Android_ES31TargetPlatform (28)
[2015.03.11-19.19.16:742][787]LogModuleManager: Shutting down and abandoning module Android_DXTTargetPlatform (27)
[2015.03.11-19.19.16:742][787]LogModuleManager: Shutting down and abandoning module Android_ATCTargetPlatform (26)
[2015.03.11-19.19.16:742][787]LogModuleManager: Shutting down and abandoning module AndroidTargetPlatform (25)
[2015.03.11-19.19.16:742][787]LogModuleManager: Shutting down and abandoning module WindowsTargetPlatform (24)
[2015.03.11-19.19.16:742][787]LogModuleManager: Shutting down and abandoning module WindowsServerTargetPlatform (23)
[2015.03.11-19.19.16:742][787]LogModuleManager: Shutting down and abandoning module WindowsNoEditorTargetPlatform (22)
[2015.03.11-19.19.16:742][787]LogModuleManager: Shutting down and abandoning module WindowsClientTargetPlatform (21)
[2015.03.11-19.19.16:742][787]LogModuleManager: Shutting down and abandoning module TargetPlatform (20)
[2015.03.11-19.19.16:742][787]LogModuleManager: Shutting down and abandoning module InputCore (19)
[2015.03.11-19.19.16:742][787]LogModuleManager: Shutting down and abandoning module Settings (18)
[2015.03.11-19.19.16:742][787]LogModuleManager: Shutting down and abandoning module OnlineSubsystem (16)
[2015.03.11-19.19.16:742][787]LogModuleManager: Shutting down and abandoning module OculusRift (15)
[2015.03.11-19.19.16:742][787]LogModuleManager: Shutting down and abandoning module ExampleDeviceProfileSelector (14)
[2015.03.11-19.19.16:742][787]LogModuleManager: Shutting down and abandoning module TextureCompressor (13)
[2015.03.11-19.19.16:742][787]LogModuleManager: Shutting down and abandoning module ShaderCore (12)
[2015.03.11-19.19.16:742][787]LogModuleManager: Shutting down and abandoning module Landscape (11)
[2015.03.11-19.19.16:742][787]LogModuleManager: Shutting down and abandoning module SlateRHIRenderer (10)
[2015.03.11-19.19.16:743][787]LogModuleManager: Shutting down and abandoning module OpenGLDrv (9)
[2015.03.11-19.19.16:743][787]LogModuleManager: Shutting down and abandoning module D3D11RHI (8)
[2015.03.11-19.19.16:743][787]LogModuleManager: Shutting down and abandoning module Renderer (7)
[2015.03.11-19.19.16:743][787]LogModuleManager: Shutting down and abandoning module Engine (6)
[2015.03.11-19.19.16:743][787]LogModuleManager: Shutting down and abandoning module CoreUObject (5)
[2015.03.11-19.19.16:743][787]LogModuleManager: Shutting down and abandoning module NetworkFile (4)
[2015.03.11-19.19.16:743][787]LogModuleManager: Shutting down and abandoning module StreamingFile (3)
[2015.03.11-19.19.16:743][787]LogModuleManager: Shutting down and abandoning module SandboxFile (2)
[2015.03.11-19.19.16:743][787]LogModuleManager: Shutting down and abandoning module PakFile (1)
[2015.03.11-19.19.16:744][787]LogExit: Exiting.
[2015.03.11-19.19.16:752][787]Log file closed, 03/11/15 12:19:16
